Command line invocation:
    /Applications/Xcode.app/Contents/Developer/usr/bin/xcodebuild -scheme HealthTracker -destination "platform=iOS Simulator,name=iPhone 17" build

Resolve Package Graph


Resolved source packages:
  swift-http-types: https://github.com/apple/swift-http-types.git @ 1.5.1
  swift-concurrency-extras: https://github.com/pointfreeco/swift-concurrency-extras @ 1.3.2
  swift-crypto: https://github.com/apple/swift-crypto.git @ 4.2.0
  swift-asn1: https://github.com/apple/swift-asn1.git @ 1.5.1
  swift-clocks: https://github.com/pointfreeco/swift-clocks @ 1.0.6
  Supabase: https://github.com/supabase/supabase-swift @ 2.41.0
  xctest-dynamic-overlay: https://github.com/pointfreeco/xctest-dynamic-overlay @ 1.8.1

2026-02-09 20:53:19.881 xcodebuild[33127:423977] [MT] IDERunDestination: Supported platforms for the buildables in the current scheme is empty.
ComputePackagePrebuildTargetDependencyGraph

Prepare packages

CreateBuildRequest

SendProjectDescription

CreateBuildOperation

ComputeTargetDependencyGraph
note: Building targets in dependency order
note: Target dependency graph (23 targets)
    Target 'HealthTracker' in project 'HealthTracker'
        ➜ Explicit dependency on target 'Supabase' in project 'Supabase'
    Target 'Supabase' in project 'Supabase'
        ➜ Explicit dependency on target 'Supabase' in project 'Supabase'
        ➜ Explicit dependency on target 'Functions' in project 'Supabase'
        ➜ Explicit dependency on target 'PostgREST' in project 'Supabase'
        ➜ Explicit dependency on target 'Auth' in project 'Supabase'
        ➜ Explicit dependency on target 'Realtime' in project 'Supabase'
        ➜ Explicit dependency on target 'Storage' in project 'Supabase'
        ➜ Explicit dependency on target 'Helpers' in project 'Supabase'
        ➜ Explicit dependency on target 'ConcurrencyExtras' in project 'swift-concurrency-extras'
        ➜ Explicit dependency on target 'HTTPTypes' in project 'swift-http-types'
        ➜ Explicit dependency on target 'Clocks' in project 'swift-clocks'
        ➜ Explicit dependency on target 'XCTestDynamicOverlay' in project 'xctest-dynamic-overlay'
        ➜ Explicit dependency on target 'Crypto' in project 'swift-crypto'
        ➜ Explicit dependency on target 'IssueReporting' in project 'xctest-dynamic-overlay'
    Target 'Supabase' in project 'Supabase'
        ➜ Explicit dependency on target 'Helpers' in project 'Supabase'
        ➜ Explicit dependency on target 'Auth' in project 'Supabase'
        ➜ Explicit dependency on target 'Functions' in project 'Supabase'
        ➜ Explicit dependency on target 'PostgREST' in project 'Supabase'
        ➜ Explicit dependency on target 'Realtime' in project 'Supabase'
        ➜ Explicit dependency on target 'Storage' in project 'Supabase'
        ➜ Explicit dependency on target 'ConcurrencyExtras' in project 'swift-concurrency-extras'
        ➜ Explicit dependency on target 'HTTPTypes' in project 'swift-http-types'
        ➜ Explicit dependency on target 'Clocks' in project 'swift-clocks'
        ➜ Explicit dependency on target 'XCTestDynamicOverlay' in project 'xctest-dynamic-overlay'
        ➜ Explicit dependency on target 'Crypto' in project 'swift-crypto'
        ➜ Explicit dependency on target 'IssueReporting' in project 'xctest-dynamic-overlay'
    Target 'Storage' in project 'Supabase'
        ➜ Explicit dependency on target 'Helpers' in project 'Supabase'
        ➜ Explicit dependency on target 'ConcurrencyExtras' in project 'swift-concurrency-extras'
        ➜ Explicit dependency on target 'HTTPTypes' in project 'swift-http-types'
        ➜ Explicit dependency on target 'Clocks' in project 'swift-clocks'
        ➜ Explicit dependency on target 'XCTestDynamicOverlay' in project 'xctest-dynamic-overlay'
    Target 'Realtime' in project 'Supabase'
        ➜ Explicit dependency on target 'Helpers' in project 'Supabase'
        ➜ Explicit dependency on target 'ConcurrencyExtras' in project 'swift-concurrency-extras'
        ➜ Explicit dependency on target 'HTTPTypes' in project 'swift-http-types'
        ➜ Explicit dependency on target 'Clocks' in project 'swift-clocks'
        ➜ Explicit dependency on target 'XCTestDynamicOverlay' in project 'xctest-dynamic-overlay'
        ➜ Explicit dependency on target 'IssueReporting' in project 'xctest-dynamic-overlay'
    Target 'PostgREST' in project 'Supabase'
        ➜ Explicit dependency on target 'Helpers' in project 'Supabase'
        ➜ Explicit dependency on target 'ConcurrencyExtras' in project 'swift-concurrency-extras'
        ➜ Explicit dependency on target 'HTTPTypes' in project 'swift-http-types'
        ➜ Explicit dependency on target 'Clocks' in project 'swift-clocks'
        ➜ Explicit dependency on target 'XCTestDynamicOverlay' in project 'xctest-dynamic-overlay'
    Target 'Functions' in project 'Supabase'
        ➜ Explicit dependency on target 'Helpers' in project 'Supabase'
        ➜ Explicit dependency on target 'ConcurrencyExtras' in project 'swift-concurrency-extras'
        ➜ Explicit dependency on target 'HTTPTypes' in project 'swift-http-types'
        ➜ Explicit dependency on target 'Clocks' in project 'swift-clocks'
        ➜ Explicit dependency on target 'XCTestDynamicOverlay' in project 'xctest-dynamic-overlay'
    Target 'Auth' in project 'Supabase'
        ➜ Explicit dependency on target 'Helpers' in project 'Supabase'
        ➜ Explicit dependency on target 'ConcurrencyExtras' in project 'swift-concurrency-extras'
        ➜ Explicit dependency on target 'HTTPTypes' in project 'swift-http-types'
        ➜ Explicit dependency on target 'Clocks' in project 'swift-clocks'
        ➜ Explicit dependency on target 'XCTestDynamicOverlay' in project 'xctest-dynamic-overlay'
        ➜ Explicit dependency on target 'Crypto' in project 'swift-crypto'
    Target 'Crypto' in project 'swift-crypto'
        ➜ Explicit dependency on target 'Crypto' in project 'swift-crypto'
        ➜ Explicit dependency on target 'swift-crypto_Crypto' in project 'swift-crypto'
    Target 'Crypto' in project 'swift-crypto'
        ➜ Explicit dependency on target 'swift-crypto_Crypto' in project 'swift-crypto'
    Target 'swift-crypto_Crypto' in project 'swift-crypto' (no dependencies)
    Target 'Helpers' in project 'Supabase'
        ➜ Explicit dependency on target 'ConcurrencyExtras' in project 'swift-concurrency-extras'
        ➜ Explicit dependency on target 'HTTPTypes' in project 'swift-http-types'
        ➜ Explicit dependency on target 'Clocks' in project 'swift-clocks'
        ➜ Explicit dependency on target 'XCTestDynamicOverlay' in project 'xctest-dynamic-overlay'
    Target 'XCTestDynamicOverlay' in project 'xctest-dynamic-overlay'
        ➜ Explicit dependency on target 'XCTestDynamicOverlay' in project 'xctest-dynamic-overlay'
        ➜ Explicit dependency on target 'IssueReportingPackageSupport' in project 'xctest-dynamic-overlay'
        ➜ Explicit dependency on target 'IssueReporting' in project 'xctest-dynamic-overlay'
    Target 'XCTestDynamicOverlay' in project 'xctest-dynamic-overlay'
        ➜ Explicit dependency on target 'IssueReportingPackageSupport' in project 'xctest-dynamic-overlay'
        ➜ Explicit dependency on target 'IssueReporting' in project 'xctest-dynamic-overlay'
    Target 'Clocks' in project 'swift-clocks'
        ➜ Explicit dependency on target 'Clocks' in project 'swift-clocks'
        ➜ Explicit dependency on target 'ConcurrencyExtras' in project 'swift-concurrency-extras'
        ➜ Explicit dependency on target 'IssueReporting' in project 'xctest-dynamic-overlay'
    Target 'Clocks' in project 'swift-clocks'
        ➜ Explicit dependency on target 'ConcurrencyExtras' in project 'swift-concurrency-extras'
        ➜ Explicit dependency on target 'IssueReporting' in project 'xctest-dynamic-overlay'
    Target 'IssueReporting' in project 'xctest-dynamic-overlay'
        ➜ Explicit dependency on target 'IssueReporting' in project 'xctest-dynamic-overlay'
        ➜ Explicit dependency on target 'IssueReportingPackageSupport' in project 'xctest-dynamic-overlay'
    Target 'IssueReporting' in project 'xctest-dynamic-overlay'
        ➜ Explicit dependency on target 'IssueReportingPackageSupport' in project 'xctest-dynamic-overlay'
    Target 'IssueReportingPackageSupport' in project 'xctest-dynamic-overlay' (no dependencies)
    Target 'HTTPTypes' in project 'swift-http-types'
        ➜ Explicit dependency on target 'HTTPTypes' in project 'swift-http-types'
    Target 'HTTPTypes' in project 'swift-http-types' (no dependencies)
    Target 'ConcurrencyExtras' in project 'swift-concurrency-extras'
        ➜ Explicit dependency on target 'ConcurrencyExtras' in project 'swift-concurrency-extras'
    Target 'ConcurrencyExtras' in project 'swift-concurrency-extras' (no dependencies)

GatherProvisioningInputs

CreateBuildDescription

ExecuteExternalTool /Applications/Xcode.app/Contents/Developer/Toolchains/XcodeDefault.xctoolchain/usr/bin/swiftc --version

ExecuteExternalTool /Applications/Xcode.app/Contents/Developer/Toolchains/XcodeDefault.xctoolchain/usr/bin/clang -v -E -dM -isysroot /Applications/Xcode.app/Contents/Developer/Platforms/iPhoneSimulator.platform/Developer/SDKs/iPhoneSimulator26.2.sdk -x c -c /dev/null

ExecuteExternalTool /Applications/Xcode.app/Contents/Developer/usr/bin/actool --print-asset-tag-combinations --output-format xml1 /Users/alanglass/_dev_local/HealthTracker/HealthTracker/Assets.xcassets

ExecuteExternalTool /Applications/Xcode.app/Contents/Developer/usr/bin/actool --version --output-format xml1

ExecuteExternalTool /Applications/Xcode.app/Contents/Developer/Toolchains/XcodeDefault.xctoolchain/usr/bin/ld -version_details

ReadFileContents /Applications/Xcode.app/Contents/Developer/Toolchains/XcodeDefault.xctoolchain/usr/share/docc/features.json

Build description signature: a76090131c786a7d75215ccad2ec064f
Build description path: /Users/alanglass/Library/Developer/Xcode/DerivedData/HealthTracker-dtsqbapzqzqblleocyxliksziqlc/Build/Intermediates.noindex/XCBuildData/a76090131c786a7d75215ccad2ec064f.xcbuilddata
ClangStatCache /Applications/Xcode.app/Contents/Developer/Toolchains/XcodeDefault.xctoolchain/usr/bin/clang-stat-cache /Applications/Xcode.app/Contents/Developer/Platforms/iPhoneSimulator.platform/Developer/SDKs/iPhoneSimulator26.2.sdk /Users/alanglass/Library/Developer/Xcode/DerivedData/SDKStatCaches.noindex/iphonesimulator26.2-23C53-7d00a8b37fbd7999ea79df8ebc024bf0.sdkstatcache
    cd /Users/alanglass/_dev_local/HealthTracker/HealthTracker.xcodeproj
    /Applications/Xcode.app/Contents/Developer/Toolchains/XcodeDefault.xctoolchain/usr/bin/clang-stat-cache /Applications/Xcode.app/Contents/Developer/Platforms/iPhoneSimulator.platform/Developer/SDKs/iPhoneSimulator26.2.sdk -o /Users/alanglass/Library/Developer/Xcode/DerivedData/SDKStatCaches.noindex/iphonesimulator26.2-23C53-7d00a8b37fbd7999ea79df8ebc024bf0.sdkstatcache

ProcessInfoPlistFile /Users/alanglass/Library/Developer/Xcode/DerivedData/HealthTracker-dtsqbapzqzqblleocyxliksziqlc/Build/Products/Debug-iphonesimulator/swift-crypto_Crypto.bundle/Info.plist /Users/alanglass/Library/Developer/Xcode/DerivedData/HealthTracker-dtsqbapzqzqblleocyxliksziqlc/Build/Intermediates.noindex/swift-crypto.build/Debug-iphonesimulator/swift-crypto_Crypto.build/empty-swift-crypto_Crypto.plist (in target 'swift-crypto_Crypto' from project 'swift-crypto')
    cd /Users/alanglass/Library/Developer/Xcode/DerivedData/HealthTracker-dtsqbapzqzqblleocyxliksziqlc/SourcePackages/checkouts/swift-crypto
    builtin-infoPlistUtility /Users/alanglass/Library/Developer/Xcode/DerivedData/HealthTracker-dtsqbapzqzqblleocyxliksziqlc/Build/Intermediates.noindex/swift-crypto.build/Debug-iphonesimulator/swift-crypto_Crypto.build/empty-swift-crypto_Crypto.plist -producttype com.apple.product-type.bundle -expandbuildsettings -format binary -platform iphonesimulator -o /Users/alanglass/Library/Developer/Xcode/DerivedData/HealthTracker-dtsqbapzqzqblleocyxliksziqlc/Build/Products/Debug-iphonesimulator/swift-crypto_Crypto.bundle/Info.plist

ProcessProductPackaging /Users/alanglass/_dev_local/HealthTracker/HealthTracker/HealthTracker.entitlements /Users/alanglass/Library/Developer/Xcode/DerivedData/HealthTracker-dtsqbapzqzqblleocyxliksziqlc/Build/Intermediates.noindex/HealthTracker.build/Debug-iphonesimulator/HealthTracker.build/HealthTracker.app-Simulated.xcent (in target 'HealthTracker' from project 'HealthTracker')
    cd /Users/alanglass/_dev_local/HealthTracker
    
    Entitlements:
    
    {
    "application-identifier" = "E8QJP225V8.com.sankofaplex.HealthTracker";
    "com.apple.developer.healthkit" = 1;
    "com.apple.developer.healthkit.background-delivery" = 1;
}
    
    builtin-productPackagingUtility /Users/alanglass/_dev_local/HealthTracker/HealthTracker/HealthTracker.entitlements -entitlements -format xml -o /Users/alanglass/Library/Developer/Xcode/DerivedData/HealthTracker-dtsqbapzqzqblleocyxliksziqlc/Build/Intermediates.noindex/HealthTracker.build/Debug-iphonesimulator/HealthTracker.build/HealthTracker.app-Simulated.xcent

ProcessProductPackaging /Users/alanglass/_dev_local/HealthTracker/HealthTracker/HealthTracker.entitlements /Users/alanglass/Library/Developer/Xcode/DerivedData/HealthTracker-dtsqbapzqzqblleocyxliksziqlc/Build/Intermediates.noindex/HealthTracker.build/Debug-iphonesimulator/HealthTracker.build/HealthTracker.app.xcent (in target 'HealthTracker' from project 'HealthTracker')
    cd /Users/alanglass/_dev_local/HealthTracker
    
    Entitlements:
    
    {
}
    
    builtin-productPackagingUtility /Users/alanglass/_dev_local/HealthTracker/HealthTracker/HealthTracker.entitlements -entitlements -format xml -o /Users/alanglass/Library/Developer/Xcode/DerivedData/HealthTracker-dtsqbapzqzqblleocyxliksziqlc/Build/Intermediates.noindex/HealthTracker.build/Debug-iphonesimulator/HealthTracker.build/HealthTracker.app.xcent

ProcessProductPackagingDER /Users/alanglass/Library/Developer/Xcode/DerivedData/HealthTracker-dtsqbapzqzqblleocyxliksziqlc/Build/Intermediates.noindex/HealthTracker.build/Debug-iphonesimulator/HealthTracker.build/HealthTracker.app.xcent /Users/alanglass/Library/Developer/Xcode/DerivedData/HealthTracker-dtsqbapzqzqblleocyxliksziqlc/Build/Intermediates.noindex/HealthTracker.build/Debug-iphonesimulator/HealthTracker.build/HealthTracker.app.xcent.der (in target 'HealthTracker' from project 'HealthTracker')
    cd /Users/alanglass/_dev_local/HealthTracker
    /usr/bin/derq query -f xml -i /Users/alanglass/Library/Developer/Xcode/DerivedData/HealthTracker-dtsqbapzqzqblleocyxliksziqlc/Build/Intermediates.noindex/HealthTracker.build/Debug-iphonesimulator/HealthTracker.build/HealthTracker.app.xcent -o /Users/alanglass/Library/Developer/Xcode/DerivedData/HealthTracker-dtsqbapzqzqblleocyxliksziqlc/Build/Intermediates.noindex/HealthTracker.build/Debug-iphonesimulator/HealthTracker.build/HealthTracker.app.xcent.der --raw

ProcessProductPackagingDER /Users/alanglass/Library/Developer/Xcode/DerivedData/HealthTracker-dtsqbapzqzqblleocyxliksziqlc/Build/Intermediates.noindex/HealthTracker.build/Debug-iphonesimulator/HealthTracker.build/HealthTracker.app-Simulated.xcent /Users/alanglass/Library/Developer/Xcode/DerivedData/HealthTracker-dtsqbapzqzqblleocyxliksziqlc/Build/Intermediates.noindex/HealthTracker.build/Debug-iphonesimulator/HealthTracker.build/HealthTracker.app-Simulated.xcent.der (in target 'HealthTracker' from project 'HealthTracker')
    cd /Users/alanglass/_dev_local/HealthTracker
    /usr/bin/derq query -f xml -i /Users/alanglass/Library/Developer/Xcode/DerivedData/HealthTracker-dtsqbapzqzqblleocyxliksziqlc/Build/Intermediates.noindex/HealthTracker.build/Debug-iphonesimulator/HealthTracker.build/HealthTracker.app-Simulated.xcent -o /Users/alanglass/Library/Developer/Xcode/DerivedData/HealthTracker-dtsqbapzqzqblleocyxliksziqlc/Build/Intermediates.noindex/HealthTracker.build/Debug-iphonesimulator/HealthTracker.build/HealthTracker.app-Simulated.xcent.der --raw

SwiftDriver HealthTracker normal x86_64 com.apple.xcode.tools.swift.compiler (in target 'HealthTracker' from project 'HealthTracker')
    cd /Users/alanglass/_dev_local/HealthTracker
    builtin-SwiftDriver -- /Applications/Xcode.app/Contents/Developer/Toolchains/XcodeDefault.xctoolchain/usr/bin/swiftc -module-name HealthTracker -Onone -enforce-exclusivity\=checked @/Users/alanglass/Library/Developer/Xcode/DerivedData/HealthTracker-dtsqbapzqzqblleocyxliksziqlc/Build/Intermediates.noindex/HealthTracker.build/Debug-iphonesimulator/HealthTracker.build/Objects-normal/x86_64/HealthTracker.SwiftFileList -DDEBUG -default-isolation\=MainActor -enable-bare-slash-regex -enable-upcoming-feature DisableOutwardActorInference -enable-upcoming-feature InferSendableFromCaptures -enable-upcoming-feature GlobalActorIsolatedTypesUsability -enable-upcoming-feature MemberImportVisibility -enable-upcoming-feature InferIsolatedConformances -enable-upcoming-feature NonisolatedNonsendingByDefault -enable-experimental-feature DebugDescriptionMacro -sdk /Applications/Xcode.app/Contents/Developer/Platforms/iPhoneSimulator.platform/Developer/SDKs/iPhoneSimulator26.2.sdk -target x86_64-apple-ios26.2-simulator -g -module-cache-path /Users/alanglass/Library/Developer/Xcode/DerivedData/ModuleCache.noindex -Xfrontend -serialize-debugging-options -enable-testing -index-store-path /Users/alanglass/Library/Developer/Xcode/DerivedData/HealthTracker-dtsqbapzqzqblleocyxliksziqlc/Index.noindex/DataStore -Xcc -D_LIBCPP_HARDENING_MODE\=_LIBCPP_HARDENING_MODE_DEBUG -swift-version 5 -I /Users/alanglass/Library/Developer/Xcode/DerivedData/HealthTracker-dtsqbapzqzqblleocyxliksziqlc/Build/Products/Debug-iphonesimulator -F /Users/alanglass/Library/Developer/Xcode/DerivedData/HealthTracker-dtsqbapzqzqblleocyxliksziqlc/Build/Products/Debug-iphonesimulator/PackageFrameworks -F /Users/alanglass/Library/Developer/Xcode/DerivedData/HealthTracker-dtsqbapzqzqblleocyxliksziqlc/Build/Products/Debug-iphonesimulator/PackageFrameworks -F /Users/alanglass/Library/Developer/Xcode/DerivedData/HealthTracker-dtsqbapzqzqblleocyxliksziqlc/Build/Products/Debug-iphonesimulator/PackageFrameworks -F /Users/alanglass/Library/Developer/Xcode/DerivedData/HealthTracker-dtsqbapzqzqblleocyxliksziqlc/Build/Products/Debug-iphonesimulator/PackageFrameworks -F /Users/alanglass/Library/Developer/Xcode/DerivedData/HealthTracker-dtsqbapzqzqblleocyxliksziqlc/Build/Products/Debug-iphonesimulator/PackageFrameworks -F /Users/alanglass/Library/Developer/Xcode/DerivedData/HealthTracker-dtsqbapzqzqblleocyxliksziqlc/Build/Products/Debug-iphonesimulator/PackageFrameworks -F /Users/alanglass/Library/Developer/Xcode/DerivedData/HealthTracker-dtsqbapzqzqblleocyxliksziqlc/Build/Products/Debug-iphonesimulator/PackageFrameworks -F /Users/alanglass/Library/Developer/Xcode/DerivedData/HealthTracker-dtsqbapzqzqblleocyxliksziqlc/Build/Products/Debug-iphonesimulator/PackageFrameworks -F /Users/alanglass/Library/Developer/Xcode/DerivedData/HealthTracker-dtsqbapzqzqblleocyxliksziqlc/Build/Products/Debug-iphonesimulator/PackageFrameworks -F /Users/alanglass/Library/Developer/Xcode/DerivedData/HealthTracker-dtsqbapzqzqblleocyxliksziqlc/Build/Products/Debug-iphonesimulator/PackageFrameworks -F /Users/alanglass/Library/Developer/Xcode/DerivedData/HealthTracker-dtsqbapzqzqblleocyxliksziqlc/Build/Products/Debug-iphonesimulator/PackageFrameworks -F /Users/alanglass/Library/Developer/Xcode/DerivedData/HealthTracker-dtsqbapzqzqblleocyxliksziqlc/Build/Products/Debug-iphonesimulator/PackageFrameworks -F /Users/alanglass/Library/Developer/Xcode/DerivedData/HealthTracker-dtsqbapzqzqblleocyxliksziqlc/Build/Products/Debug-iphonesimulator/PackageFrameworks -F /Users/alanglass/Library/Developer/Xcode/DerivedData/HealthTracker-dtsqbapzqzqblleocyxliksziqlc/Build/Products/Debug-iphonesimulator/PackageFrameworks -F /Users/alanglass/Library/Developer/Xcode/DerivedData/HealthTracker-dtsqbapzqzqblleocyxliksziqlc/Build/Products/Debug-iphonesimulator -emit-localized-strings -emit-localized-strings-path /Users/alanglass/Library/Developer/Xcode/DerivedData/HealthTracker-dtsqbapzqzqblleocyxliksziqlc/Build/Intermediates.noindex/HealthTracker.build/Debug-iphonesimulator/HealthTracker.build/Objects-normal/x86_64 -c -j16 -enable-batch-mode -incremental -Xcc -ivfsstatcache -Xcc /Users/alanglass/Library/Developer/Xcode/DerivedData/SDKStatCaches.noindex/iphonesimulator26.2-23C53-7d00a8b37fbd7999ea79df8ebc024bf0.sdkstatcache -output-file-map /Users/alanglass/Library/Developer/Xcode/DerivedData/HealthTracker-dtsqbapzqzqblleocyxliksziqlc/Build/Intermediates.noindex/HealthTracker.build/Debug-iphonesimulator/HealthTracker.build/Objects-normal/x86_64/HealthTracker-OutputFileMap.json -use-frontend-parseable-output -save-temps -no-color-diagnostics -explicit-module-build -module-cache-path /Users/alanglass/Library/Developer/Xcode/DerivedData/HealthTracker-dtsqbapzqzqblleocyxliksziqlc/Build/Intermediates.noindex/SwiftExplicitPrecompiledModules -clang-scanner-module-cache-path /Users/alanglass/Library/Developer/Xcode/DerivedData/ModuleCache.noindex -sdk-module-cache-path /Users/alanglass/Library/Developer/Xcode/DerivedData/ModuleCache.noindex -serialize-diagnostics -emit-dependencies -emit-module -emit-module-path /Users/alanglass/Library/Developer/Xcode/DerivedData/HealthTracker-dtsqbapzqzqblleocyxliksziqlc/Build/Intermediates.noindex/HealthTracker.build/Debug-iphonesimulator/HealthTracker.build/Objects-normal/x86_64/HealthTracker.swiftmodule -validate-clang-modules-once -clang-build-session-file /Users/alanglass/Library/Developer/Xcode/DerivedData/ModuleCache.noindex/Session.modulevalidation -Xcc -I/Users/alanglass/Library/Developer/Xcode/DerivedData/HealthTracker-dtsqbapzqzqblleocyxliksziqlc/Build/Intermediates.noindex/HealthTracker.build/Debug-iphonesimulator/HealthTracker.build/swift-overrides.hmap -emit-const-values -Xfrontend -const-gather-protocols-file -Xfrontend /Users/alanglass/Library/Developer/Xcode/DerivedData/HealthTracker-dtsqbapzqzqblleocyxliksziqlc/Build/Intermediates.noindex/HealthTracker.build/Debug-iphonesimulator/HealthTracker.build/Objects-normal/x86_64/HealthTracker_const_extract_protocols.json -Xcc -iquote -Xcc /Users/alanglass/Library/Developer/Xcode/DerivedData/HealthTracker-dtsqbapzqzqblleocyxliksziqlc/Build/Intermediates.noindex/HealthTracker.build/Debug-iphonesimulator/HealthTracker.build/HealthTracker-generated-files.hmap -Xcc -I/Users/alanglass/Library/Developer/Xcode/DerivedData/HealthTracker-dtsqbapzqzqblleocyxliksziqlc/Build/Intermediates.noindex/HealthTracker.build/Debug-iphonesimulator/HealthTracker.build/HealthTracker-own-target-headers.hmap -Xcc -I/Users/alanglass/Library/Developer/Xcode/DerivedData/HealthTracker-dtsqbapzqzqblleocyxliksziqlc/Build/Intermediates.noindex/HealthTracker.build/Debug-iphonesimulator/HealthTracker.build/HealthTracker-all-non-framework-target-headers.hmap -Xcc -ivfsoverlay -Xcc /Users/alanglass/Library/Developer/Xcode/DerivedData/HealthTracker-dtsqbapzqzqblleocyxliksziqlc/Build/Intermediates.noindex/HealthTracker.build/Debug-iphonesimulator/HealthTracker-c1403f0ceeacee94195e9b8910a535c9-VFS-iphonesimulator/all-product-headers.yaml -Xcc -iquote -Xcc /Users/alanglass/Library/Developer/Xcode/DerivedData/HealthTracker-dtsqbapzqzqblleocyxliksziqlc/Build/Intermediates.noindex/HealthTracker.build/Debug-iphonesimulator/HealthTracker.build/HealthTracker-project-headers.hmap -Xcc -I/Users/alanglass/Library/Developer/Xcode/DerivedData/HealthTracker-dtsqbapzqzqblleocyxliksziqlc/Build/Products/Debug-iphonesimulator/include -Xcc -I/Users/alanglass/Library/Developer/Xcode/DerivedData/HealthTracker-dtsqbapzqzqblleocyxliksziqlc/Build/Intermediates.noindex/HealthTracker.build/Debug-iphonesimulator/HealthTracker.build/DerivedSources-normal/x86_64 -Xcc -I/Users/alanglass/Library/Developer/Xcode/DerivedData/HealthTracker-dtsqbapzqzqblleocyxliksziqlc/Build/Intermediates.noindex/HealthTracker.build/Debug-iphonesimulator/HealthTracker.build/DerivedSources/x86_64 -Xcc -I/Users/alanglass/Library/Developer/Xcode/DerivedData/HealthTracker-dtsqbapzqzqblleocyxliksziqlc/Build/Intermediates.noindex/HealthTracker.build/Debug-iphonesimulator/HealthTracker.build/DerivedSources -Xcc -DDEBUG\=1 -emit-objc-header -emit-objc-header-path /Users/alanglass/Library/Developer/Xcode/DerivedData/HealthTracker-dtsqbapzqzqblleocyxliksziqlc/Build/Intermediates.noindex/HealthTracker.build/Debug-iphonesimulator/HealthTracker.build/Objects-normal/x86_64/HealthTracker-Swift.h -working-directory /Users/alanglass/_dev_local/HealthTracker -experimental-emit-module-separately -disable-cmo

ProcessInfoPlistFile /Users/alanglass/Library/Developer/Xcode/DerivedData/HealthTracker-dtsqbapzqzqblleocyxliksziqlc/Build/Products/Debug-iphonesimulator/HealthTracker.app/Info.plist /Users/alanglass/_dev_local/HealthTracker/HealthTracker/Info.plist (in target 'HealthTracker' from project 'HealthTracker')
    cd /Users/alanglass/_dev_local/HealthTracker
    builtin-infoPlistUtility /Users/alanglass/_dev_local/HealthTracker/HealthTracker/Info.plist -producttype com.apple.product-type.application -genpkginfo /Users/alanglass/Library/Developer/Xcode/DerivedData/HealthTracker-dtsqbapzqzqblleocyxliksziqlc/Build/Products/Debug-iphonesimulator/HealthTracker.app/PkgInfo -expandbuildsettings -format binary -platform iphonesimulator -additionalcontentfile /Users/alanglass/Library/Developer/Xcode/DerivedData/HealthTracker-dtsqbapzqzqblleocyxliksziqlc/Build/Intermediates.noindex/HealthTracker.build/Debug-iphonesimulator/HealthTracker.build/assetcatalog_generated_info.plist -scanforprivacyfile /Users/alanglass/Library/Developer/Xcode/DerivedData/HealthTracker-dtsqbapzqzqblleocyxliksziqlc/Build/Products/Debug-iphonesimulator/HealthTracker.app/swift-crypto_Crypto.bundle -o /Users/alanglass/Library/Developer/Xcode/DerivedData/HealthTracker-dtsqbapzqzqblleocyxliksziqlc/Build/Products/Debug-iphonesimulator/HealthTracker.app/Info.plist

SwiftCompile normal x86_64 Compiling\ FamilyView.swift /Users/alanglass/_dev_local/HealthTracker/HealthTracker/FamilyView.swift (in target 'HealthTracker' from project 'HealthTracker')

SwiftCompile normal x86_64 /Users/alanglass/_dev_local/HealthTracker/HealthTracker/FamilyView.swift (in target 'HealthTracker' from project 'HealthTracker')
    cd /Users/alanglass/_dev_local/HealthTracker
    

SwiftCompile normal x86_64 Compiling\ ChallengeViewModel.swift /Users/alanglass/_dev_local/HealthTracker/HealthTracker/ChallengeViewModel.swift (in target 'HealthTracker' from project 'HealthTracker')
SwiftCompile normal x86_64 /Users/alanglass/_dev_local/HealthTracker/HealthTracker/ChallengeViewModel.swift (in target 'HealthTracker' from project 'HealthTracker')
    cd /Users/alanglass/_dev_local/HealthTracker
    
/Users/alanglass/_dev_local/HealthTracker/HealthTracker/ChallengeViewModel.swift:556:19: warning: value 'duration' was defined but never used; consider replacing with boolean test
        guard let duration = challenge.roundDuration else { return }
              ~~~~^~~~~~~~~~~
                                                     != nil

SwiftEmitModule normal x86_64 Emitting\ module\ for\ HealthTracker (in target 'HealthTracker' from project 'HealthTracker')

EmitSwiftModule normal x86_64 (in target 'HealthTracker' from project 'HealthTracker')
    cd /Users/alanglass/_dev_local/HealthTracker
    

SwiftCompile normal x86_64 Compiling\ SocialFeedView.swift /Users/alanglass/_dev_local/HealthTracker/HealthTracker/SocialFeedView.swift (in target 'HealthTracker' from project 'HealthTracker')
SwiftCompile normal x86_64 /Users/alanglass/_dev_local/HealthTracker/HealthTracker/SocialFeedView.swift (in target 'HealthTracker' from project 'HealthTracker')
    cd /Users/alanglass/_dev_local/HealthTracker
    
/Users/alanglass/_dev_local/HealthTracker/HealthTracker/SocialFeedView.swift:324:19: error: cannot find 'HKWorkoutActivityType' in scope
            type: HKWorkoutActivityType.running, // Dummy
                  ^~~~~~~~~~~~~~~~~~~~~
/Users/alanglass/_dev_local/HealthTracker/HealthTracker/SocialFeedView.swift:324:41: error: extra argument 'type' in call
            type: HKWorkoutActivityType.running, // Dummy
~~~~~~~~~~~~~~~~~~~~~~~~~~~~~~~~~~~~~~~~^~~~~~~~~~~~~~~~~
/Users/alanglass/_dev_local/HealthTracker/HealthTracker/SocialFeedView.swift:323:17: error: cannot convert value of type 'UUID' to expected argument type 'String'
            id: UUID(),
                ^
/Users/alanglass/_dev_local/HealthTracker/HealthTracker/SocialFeedView.swift:330:64: error: value of type 'Double' has no member 'multiplied'
            totalDistance: Double(payload["distance"] ?? "0")?.multiplied(by: 1000) ?? 0
                           ~~~~~~~~~~~~~~~~~~~~~~~~~~~~~~~~~~~ ^~~~~~~~~~

Failed frontend command:
/Applications/Xcode.app/Contents/Developer/Toolchains/XcodeDefault.xctoolchain/usr/bin/swift-frontend -frontend -c /Users/alanglass/_dev_local/HealthTracker/HealthTracker/AuthManager.swift /Users/alanglass/_dev_local/HealthTracker/HealthTracker/BackgroundTaskManager.swift /Users/alanglass/_dev_local/HealthTracker/HealthTracker/Challenge.swift /Users/alanglass/_dev_local/HealthTracker/HealthTracker/ChallengeDetailView.swift /Users/alanglass/_dev_local/HealthTracker/HealthTracker/ChallengeRoundsView.swift /Users/alanglass/_dev_local/HealthTracker/HealthTracker/ChallengesListView.swift /Users/alanglass/_dev_local/HealthTracker/HealthTracker/ChallengeViewModel.swift /Users/alanglass/_dev_local/HealthTracker/HealthTracker/ContentView.swift /Users/alanglass/_dev_local/HealthTracker/HealthTracker/CreateChallengeView.swift /Users/alanglass/_dev_local/HealthTracker/HealthTracker/EditChallengeView.swift /Users/alanglass/_dev_local/HealthTracker/HealthTracker/EditProfileView.swift /Users/alanglass/_dev_local/HealthTracker/HealthTracker/FamilyView.swift /Users/alanglass/_dev_local/HealthTracker/HealthTracker/HealthDataModels.swift /Users/alanglass/_dev_local/HealthTracker/HealthTracker/HealthDataStore.swift /Users/alanglass/_dev_local/HealthTracker/HealthTracker/HealthKitManager.swift /Users/alanglass/_dev_local/HealthTracker/HealthTracker/HealthTrackerApp.swift /Users/alanglass/_dev_local/HealthTracker/HealthTracker/LeaderboardView.swift /Users/alanglass/_dev_local/HealthTracker/HealthTracker/LoginView.swift /Users/alanglass/_dev_local/HealthTracker/HealthTracker/OnboardingView.swift /Users/alanglass/_dev_local/HealthTracker/HealthTracker/SocialFeedManager.swift -primary-file /Users/alanglass/_dev_local/HealthTracker/HealthTracker/SocialFeedView.swift /Users/alanglass/_dev_local/HealthTracker/HealthTracker/SyncManager.swift /Users/alanglass/_dev_local/HealthTracker/HealthTracker/WorkoutSummaryView.swift /Users/alanglass/Library/Developer/Xcode/DerivedData/HealthTracker-dtsqbapzqzqblleocyxliksziqlc/Build/Intermediates.noindex/HealthTracker.build/Debug-iphonesimulator/HealthTracker.build/DerivedSources/GeneratedAssetSymbols.swift -emit-dependencies-path /Users/alanglass/Library/Developer/Xcode/DerivedData/HealthTracker-dtsqbapzqzqblleocyxliksziqlc/Build/Intermediates.noindex/HealthTracker.build/Debug-iphonesimulator/HealthTracker.build/Objects-normal/x86_64/SocialFeedView.d -emit-const-values-path /Users/alanglass/Library/Developer/Xcode/DerivedData/HealthTracker-dtsqbapzqzqblleocyxliksziqlc/Build/Intermediates.noindex/HealthTracker.build/Debug-iphonesimulator/HealthTracker.build/Objects-normal/x86_64/SocialFeedView.swiftconstvalues -emit-reference-dependencies-path /Users/alanglass/Library/Developer/Xcode/DerivedData/HealthTracker-dtsqbapzqzqblleocyxliksziqlc/Build/Intermediates.noindex/HealthTracker.build/Debug-iphonesimulator/HealthTracker.build/Objects-normal/x86_64/SocialFeedView.swiftdeps -serialize-diagnostics-path /Users/alanglass/Library/Developer/Xcode/DerivedData/HealthTracker-dtsqbapzqzqblleocyxliksziqlc/Build/Intermediates.noindex/HealthTracker.build/Debug-iphonesimulator/HealthTracker.build/Objects-normal/x86_64/SocialFeedView.dia -emit-localized-strings -emit-localized-strings-path /Users/alanglass/Library/Developer/Xcode/DerivedData/HealthTracker-dtsqbapzqzqblleocyxliksziqlc/Build/Intermediates.noindex/HealthTracker.build/Debug-iphonesimulator/HealthTracker.build/Objects-normal/x86_64 -target x86_64-apple-ios26.2-simulator -module-can-import-version DeveloperToolsSupport 23.0.4 23.0.4 -module-can-import-version SwiftUI 7.2.5.1 7.2.5 -module-can-import-version UIKit 9126.2.4.1 9126.2.4 -load-resolved-plugin /Applications/Xcode.app/Contents/Developer/Platforms/iPhoneOS.platform/Developer/usr/lib/swift/host/plugins/libFoundationMacros.dylib\#/Applications/Xcode.app/Contents/Developer/Platforms/iPhoneOS.platform/Developer/usr/bin/swift-plugin-server\#FoundationMacros -load-resolved-plugin /Applications/Xcode.app/Contents/Developer/Platforms/iPhoneOS.platform/Developer/usr/lib/swift/host/plugins/libObservationMacros.dylib\#/Applications/Xcode.app/Contents/Developer/Platforms/iPhoneOS.platform/Developer/usr/bin/swift-plugin-server\#ObservationMacros -load-resolved-plugin /Applications/Xcode.app/Contents/Developer/Platforms/iPhoneOS.platform/Developer/usr/lib/swift/host/plugins/libPreviewsMacros.dylib\#/Applications/Xcode.app/Contents/Developer/Platforms/iPhoneOS.platform/Developer/usr/bin/swift-plugin-server\#PreviewsMacros -load-resolved-plugin /Applications/Xcode.app/Contents/Developer/Platforms/iPhoneOS.platform/Developer/usr/lib/swift/host/plugins/libSwiftMacros.dylib\#/Applications/Xcode.app/Contents/Developer/Platforms/iPhoneOS.platform/Developer/usr/bin/swift-plugin-server\#SwiftMacros -load-resolved-plugin /Applications/Xcode.app/Contents/Developer/Platforms/iPhoneOS.platform/Developer/usr/lib/swift/host/plugins/libSwiftUIMacros.dylib\#/Applications/Xcode.app/Contents/Developer/Platforms/iPhoneOS.platform/Developer/usr/bin/swift-plugin-server\#SwiftUIMacros -disable-implicit-swift-modules -Xcc -fno-implicit-modules -Xcc -fno-implicit-module-maps -explicit-swift-module-map-file /Users/alanglass/Library/Developer/Xcode/DerivedData/HealthTracker-dtsqbapzqzqblleocyxliksziqlc/Build/Intermediates.noindex/HealthTracker.build/Debug-iphonesimulator/HealthTracker.build/Objects-normal/x86_64/HealthTracker-dependencies-1.json -enable-objc-interop -sdk /Applications/Xcode.app/Contents/Developer/Platforms/iPhoneSimulator.platform/Developer/SDKs/iPhoneSimulator26.2.sdk -I /Users/alanglass/Library/Developer/Xcode/DerivedData/HealthTracker-dtsqbapzqzqblleocyxliksziqlc/Build/Products/Debug-iphonesimulator -F /Users/alanglass/Library/Developer/Xcode/DerivedData/HealthTracker-dtsqbapzqzqblleocyxliksziqlc/Build/Products/Debug-iphonesimulator/PackageFrameworks -F /Users/alanglass/Library/Developer/Xcode/DerivedData/HealthTracker-dtsqbapzqzqblleocyxliksziqlc/Build/Products/Debug-iphonesimulator/PackageFrameworks -F /Users/alanglass/Library/Developer/Xcode/DerivedData/HealthTracker-dtsqbapzqzqblleocyxliksziqlc/Build/Products/Debug-iphonesimulator/PackageFrameworks -F /Users/alanglass/Library/Developer/Xcode/DerivedData/HealthTracker-dtsqbapzqzqblleocyxliksziqlc/Build/Products/Debug-iphonesimulator/PackageFrameworks -F /Users/alanglass/Library/Developer/Xcode/DerivedData/HealthTracker-dtsqbapzqzqblleocyxliksziqlc/Build/Products/Debug-iphonesimulator/PackageFrameworks -F /Users/alanglass/Library/Developer/Xcode/DerivedData/HealthTracker-dtsqbapzqzqblleocyxliksziqlc/Build/Products/Debug-iphonesimulator/PackageFrameworks -F /Users/alanglass/Library/Developer/Xcode/DerivedData/HealthTracker-dtsqbapzqzqblleocyxliksziqlc/Build/Products/Debug-iphonesimulator/PackageFrameworks -F /Users/alanglass/Library/Developer/Xcode/DerivedData/HealthTracker-dtsqbapzqzqblleocyxliksziqlc/Build/Products/Debug-iphonesimulator/PackageFrameworks -F /Users/alanglass/Library/Developer/Xcode/DerivedData/HealthTracker-dtsqbapzqzqblleocyxliksziqlc/Build/Products/Debug-iphonesimulator/PackageFrameworks -F /Users/alanglass/Library/Developer/Xcode/DerivedData/HealthTracker-dtsqbapzqzqblleocyxliksziqlc/Build/Products/Debug-iphonesimulator/PackageFrameworks -F /Users/alanglass/Library/Developer/Xcode/DerivedData/HealthTracker-dtsqbapzqzqblleocyxliksziqlc/Build/Products/Debug-iphonesimulator/PackageFrameworks -F /Users/alanglass/Library/Developer/Xcode/DerivedData/HealthTracker-dtsqbapzqzqblleocyxliksziqlc/Build/Products/Debug-iphonesimulator/PackageFrameworks -F /Users/alanglass/Library/Developer/Xcode/DerivedData/HealthTracker-dtsqbapzqzqblleocyxliksziqlc/Build/Products/Debug-iphonesimulator/PackageFrameworks -F /Users/alanglass/Library/Developer/Xcode/DerivedData/HealthTracker-dtsqbapzqzqblleocyxliksziqlc/Build/Products/Debug-iphonesimulator/PackageFrameworks -F /Users/alanglass/Library/Developer/Xcode/DerivedData/HealthTracker-dtsqbapzqzqblleocyxliksziqlc/Build/Products/Debug-iphonesimulator -no-color-diagnostics -Xcc -fno-color-diagnostics -enable-testing -g -debug-info-format\=dwarf -dwarf-version\=5 -module-cache-path /Users/alanglass/Library/Developer/Xcode/DerivedData/HealthTracker-dtsqbapzqzqblleocyxliksziqlc/Build/Intermediates.noindex/SwiftExplicitPrecompiledModules -swift-version 5 -enforce-exclusivity\=checked -Onone -D DEBUG -serialize-debugging-options -const-gather-protocols-file /Users/alanglass/Library/Developer/Xcode/DerivedData/HealthTracker-dtsqbapzqzqblleocyxliksziqlc/Build/Intermediates.noindex/HealthTracker.build/Debug-iphonesimulator/HealthTracker.build/Objects-normal/x86_64/HealthTracker_const_extract_protocols.json -enable-upcoming-feature DisableOutwardActorInference -enable-upcoming-feature InferSendableFromCaptures -enable-upcoming-feature GlobalActorIsolatedTypesUsability -enable-upcoming-feature MemberImportVisibility -enable-upcoming-feature InferIsolatedConformances -enable-upcoming-feature NonisolatedNonsendingByDefault -enable-experimental-feature DebugDescriptionMacro -enable-bare-slash-regex -default-isolation\=MainActor -empty-abi-descriptor -validate-clang-modules-once -clang-build-session-file /Users/alanglass/Library/Developer/Xcode/DerivedData/ModuleCache.noindex/Session.modulevalidation -Xcc -working-directory -Xcc /Users/alanglass/_dev_local/HealthTracker -enable-anonymous-context-mangled-names -file-compilation-dir /Users/alanglass/_dev_local/HealthTracker -Xcc -D_LIBCPP_HARDENING_MODE\=_LIBCPP_HARDENING_MODE_DEBUG -Xcc -ivfsstatcache -Xcc /Users/alanglass/Library/Developer/Xcode/DerivedData/SDKStatCaches.noindex/iphonesimulator26.2-23C53-7d00a8b37fbd7999ea79df8ebc024bf0.sdkstatcache -Xcc -I/Users/alanglass/Library/Developer/Xcode/DerivedData/HealthTracker-dtsqbapzqzqblleocyxliksziqlc/Build/Intermediates.noindex/HealthTracker.build/Debug-iphonesimulator/HealthTracker.build/swift-overrides.hmap -Xcc -iquote -Xcc /Users/alanglass/Library/Developer/Xcode/DerivedData/HealthTracker-dtsqbapzqzqblleocyxliksziqlc/Build/Intermediates.noindex/HealthTracker.build/Debug-iphonesimulator/HealthTracker.build/HealthTracker-generated-files.hmap -Xcc -I/Users/alanglass/Library/Developer/Xcode/DerivedData/HealthTracker-dtsqbapzqzqblleocyxliksziqlc/Build/Intermediates.noindex/HealthTracker.build/Debug-iphonesimulator/HealthTracker.build/HealthTracker-own-target-headers.hmap -Xcc -I/Users/alanglass/Library/Developer/Xcode/DerivedData/HealthTracker-dtsqbapzqzqblleocyxliksziqlc/Build/Intermediates.noindex/HealthTracker.build/Debug-iphonesimulator/HealthTracker.build/HealthTracker-all-non-framework-target-headers.hmap -Xcc -ivfsoverlay -Xcc /Users/alanglass/Library/Developer/Xcode/DerivedData/HealthTracker-dtsqbapzqzqblleocyxliksziqlc/Build/Intermediates.noindex/HealthTracker.build/Debug-iphonesimulator/HealthTracker-c1403f0ceeacee94195e9b8910a535c9-VFS-iphonesimulator/all-product-headers.yaml -Xcc -iquote -Xcc /Users/alanglass/Library/Developer/Xcode/DerivedData/HealthTracker-dtsqbapzqzqblleocyxliksziqlc/Build/Intermediates.noindex/HealthTracker.build/Debug-iphonesimulator/HealthTracker.build/HealthTracker-project-headers.hmap -Xcc -I/Users/alanglass/Library/Developer/Xcode/DerivedData/HealthTracker-dtsqbapzqzqblleocyxliksziqlc/Build/Products/Debug-iphonesimulator/include -Xcc -I/Users/alanglass/Library/Developer/Xcode/DerivedData/HealthTracker-dtsqbapzqzqblleocyxliksziqlc/Build/Intermediates.noindex/HealthTracker.build/Debug-iphonesimulator/HealthTracker.build/DerivedSources-normal/x86_64 -Xcc -I/Users/alanglass/Library/Developer/Xcode/DerivedData/HealthTracker-dtsqbapzqzqblleocyxliksziqlc/Build/Intermediates.noindex/HealthTracker.build/Debug-iphonesimulator/HealthTracker.build/DerivedSources/x86_64 -Xcc -I/Users/alanglass/Library/Developer/Xcode/DerivedData/HealthTracker-dtsqbapzqzqblleocyxliksziqlc/Build/Intermediates.noindex/HealthTracker.build/Debug-iphonesimulator/HealthTracker.build/DerivedSources -Xcc -DDEBUG\=1 -no-auto-bridging-header-chaining -module-name HealthTracker -frontend-parseable-output -disable-clang-spi -target-sdk-version 26.2 -target-sdk-name iphonesimulator26.2 -clang-target x86_64-apple-ios26.2-simulator -in-process-plugin-server-path /Applications/Xcode.app/Contents/Developer/Toolchains/XcodeDefault.xctoolchain/usr/lib/swift/host/libSwiftInProcPluginServer.dylib -o /Users/alanglass/Library/Developer/Xcode/DerivedData/HealthTracker-dtsqbapzqzqblleocyxliksziqlc/Build/Intermediates.noindex/HealthTracker.build/Debug-iphonesimulator/HealthTracker.build/Objects-normal/x86_64/SocialFeedView.o -index-unit-output-path /HealthTracker.build/Debug-iphonesimulator/HealthTracker.build/Objects-normal/x86_64/SocialFeedView.o -index-store-path /Users/alanglass/Library/Developer/Xcode/DerivedData/HealthTracker-dtsqbapzqzqblleocyxliksziqlc/Index.noindex/DataStore -index-system-modules
SwiftCompile normal x86_64 Compiling\ ContentView.swift /Users/alanglass/_dev_local/HealthTracker/HealthTracker/ContentView.swift (in target 'HealthTracker' from project 'HealthTracker')
SwiftCompile normal x86_64 /Users/alanglass/_dev_local/HealthTracker/HealthTracker/ContentView.swift (in target 'HealthTracker' from project 'HealthTracker')
    cd /Users/alanglass/_dev_local/HealthTracker
    

SwiftDriverJobDiscovery normal x86_64 Compiling FamilyView.swift (in target 'HealthTracker' from project 'HealthTracker')

SwiftDriverJobDiscovery normal x86_64 Compiling ChallengeViewModel.swift (in target 'HealthTracker' from project 'HealthTracker')

** BUILD FAILED **


The following build commands failed:
	SwiftCompile normal x86_64 /Users/alanglass/_dev_local/HealthTracker/HealthTracker/SocialFeedView.swift (in target 'HealthTracker' from project 'HealthTracker')
	SwiftCompile normal x86_64 Compiling\ SocialFeedView.swift /Users/alanglass/_dev_local/HealthTracker/HealthTracker/SocialFeedView.swift (in target 'HealthTracker' from project 'HealthTracker')
	Building project HealthTracker with scheme HealthTracker
(3 failures)
