Command line invocation:
    /Applications/Xcode.app/Contents/Developer/usr/bin/xcodebuild -scheme HealthTracker -sdk iphonesimulator build

Build settings from command line:
    SDKROOT = iphonesimulator26.2

Resolve Package Graph


Resolved source packages:
  swift-asn1: https://github.com/apple/swift-asn1.git @ 1.5.1
  xctest-dynamic-overlay: https://github.com/pointfreeco/xctest-dynamic-overlay @ 1.8.1
  swift-crypto: https://github.com/apple/swift-crypto.git @ 4.2.0
  swift-concurrency-extras: https://github.com/pointfreeco/swift-concurrency-extras @ 1.3.2
  swift-clocks: https://github.com/pointfreeco/swift-clocks @ 1.0.6
  Supabase: https://github.com/supabase/supabase-swift @ 2.41.0
  swift-http-types: https://github.com/apple/swift-http-types.git @ 1.5.1

2026-02-13 09:12:50.459 xcodebuild[1248:6463503] [MT] IDERunDestination: Supported platforms for the buildables in the current scheme is empty.
--- xcodebuild: WARNING: Using the first of multiple matching destinations:
{ platform:iOS Simulator, id:dvtdevice-DVTiOSDeviceSimulatorPlaceholder-iphonesimulator:placeholder, name:Any iOS Simulator Device }
{ platform:iOS Simulator, arch:x86_64, id:81E10656-1E3B-4840-8827-6767B59D19EE, OS:26.2, name:iPad (A16) }
{ platform:iOS Simulator, arch:x86_64, id:4B1DF8A4-5FE8-4CE2-95C0-313F6EBDF279, OS:26.2, name:iPad Air 11-inch (M3) }
{ platform:iOS Simulator, arch:x86_64, id:E1B768C7-9A49-4E77-86F5-6409699AF49B, OS:26.2, name:iPad Air 13-inch (M3) }
{ platform:iOS Simulator, arch:x86_64, id:C244A076-4639-47BA-A7B9-C935F1DBBAA9, OS:26.2, name:iPad Pro 11-inch (M5) }
{ platform:iOS Simulator, arch:x86_64, id:90BD234B-0480-4C60-86BE-44E650477655, OS:26.2, name:iPad Pro 13-inch (M5) }
{ platform:iOS Simulator, arch:x86_64, id:6B71E918-8765-4613-A04B-8DDB1BDA2C16, OS:26.2, name:iPad mini (A17 Pro) }
{ platform:iOS Simulator, arch:x86_64, id:AC84990F-5A11-4AA4-A924-3D78BAF9CDCF, OS:26.2, name:iPhone 16e }
{ platform:iOS Simulator, arch:x86_64, id:C369CD56-34B9-4E79-A5C5-44A623BCB8F2, OS:26.2, name:iPhone 17 }
{ platform:iOS Simulator, arch:x86_64, id:F5F80DCC-DCCE-413E-9B73-1B98818C64FE, OS:26.2, name:iPhone 17 Pro }
{ platform:iOS Simulator, arch:x86_64, id:F8B60FD6-3332-4D09-825E-6BB78F333197, OS:26.2, name:iPhone 17 Pro Max }
{ platform:iOS Simulator, arch:x86_64, id:E1C9F048-4ED8-45F0-8DA5-1B0B0FDD2EEF, OS:26.2, name:iPhone Air }
{ platform:iOS, id:dvtdevice-DVTiPhonePlaceholder-iphoneos:placeholder, name:Any iOS Device }
{ platform:iOS, arch:arm64, id:00008120-001168A13A78C01E, name:Alan iPhone 14 pro }
ComputePackagePrebuildTargetDependencyGraph

Prepare packages

CreateBuildRequest

SendProjectDescription

CreateBuildOperation

ComputeTargetDependencyGraph
note: Building targets in dependency order
note: Target dependency graph (23 targets)
    Target 'HealthTracker' in project 'HealthTracker'
        ➜ Explicit dependency on target 'Supabase' in project 'Supabase'
    Target 'Supabase' in project 'Supabase'
        ➜ Explicit dependency on target 'Supabase' in project 'Supabase'
        ➜ Explicit dependency on target 'Functions' in project 'Supabase'
        ➜ Explicit dependency on target 'PostgREST' in project 'Supabase'
        ➜ Explicit dependency on target 'Auth' in project 'Supabase'
        ➜ Explicit dependency on target 'Realtime' in project 'Supabase'
        ➜ Explicit dependency on target 'Storage' in project 'Supabase'
        ➜ Explicit dependency on target 'Helpers' in project 'Supabase'
        ➜ Explicit dependency on target 'ConcurrencyExtras' in project 'swift-concurrency-extras'
        ➜ Explicit dependency on target 'HTTPTypes' in project 'swift-http-types'
        ➜ Explicit dependency on target 'Clocks' in project 'swift-clocks'
        ➜ Explicit dependency on target 'XCTestDynamicOverlay' in project 'xctest-dynamic-overlay'
        ➜ Explicit dependency on target 'Crypto' in project 'swift-crypto'
        ➜ Explicit dependency on target 'IssueReporting' in project 'xctest-dynamic-overlay'
    Target 'Supabase' in project 'Supabase'
        ➜ Explicit dependency on target 'Helpers' in project 'Supabase'
        ➜ Explicit dependency on target 'Auth' in project 'Supabase'
        ➜ Explicit dependency on target 'Functions' in project 'Supabase'
        ➜ Explicit dependency on target 'PostgREST' in project 'Supabase'
        ➜ Explicit dependency on target 'Realtime' in project 'Supabase'
        ➜ Explicit dependency on target 'Storage' in project 'Supabase'
        ➜ Explicit dependency on target 'ConcurrencyExtras' in project 'swift-concurrency-extras'
        ➜ Explicit dependency on target 'HTTPTypes' in project 'swift-http-types'
        ➜ Explicit dependency on target 'Clocks' in project 'swift-clocks'
        ➜ Explicit dependency on target 'XCTestDynamicOverlay' in project 'xctest-dynamic-overlay'
        ➜ Explicit dependency on target 'Crypto' in project 'swift-crypto'
        ➜ Explicit dependency on target 'IssueReporting' in project 'xctest-dynamic-overlay'
    Target 'Storage' in project 'Supabase'
        ➜ Explicit dependency on target 'Helpers' in project 'Supabase'
        ➜ Explicit dependency on target 'ConcurrencyExtras' in project 'swift-concurrency-extras'
        ➜ Explicit dependency on target 'HTTPTypes' in project 'swift-http-types'
        ➜ Explicit dependency on target 'Clocks' in project 'swift-clocks'
        ➜ Explicit dependency on target 'XCTestDynamicOverlay' in project 'xctest-dynamic-overlay'
    Target 'Realtime' in project 'Supabase'
        ➜ Explicit dependency on target 'Helpers' in project 'Supabase'
        ➜ Explicit dependency on target 'ConcurrencyExtras' in project 'swift-concurrency-extras'
        ➜ Explicit dependency on target 'HTTPTypes' in project 'swift-http-types'
        ➜ Explicit dependency on target 'Clocks' in project 'swift-clocks'
        ➜ Explicit dependency on target 'XCTestDynamicOverlay' in project 'xctest-dynamic-overlay'
        ➜ Explicit dependency on target 'IssueReporting' in project 'xctest-dynamic-overlay'
    Target 'PostgREST' in project 'Supabase'
        ➜ Explicit dependency on target 'Helpers' in project 'Supabase'
        ➜ Explicit dependency on target 'ConcurrencyExtras' in project 'swift-concurrency-extras'
        ➜ Explicit dependency on target 'HTTPTypes' in project 'swift-http-types'
        ➜ Explicit dependency on target 'Clocks' in project 'swift-clocks'
        ➜ Explicit dependency on target 'XCTestDynamicOverlay' in project 'xctest-dynamic-overlay'
    Target 'Functions' in project 'Supabase'
        ➜ Explicit dependency on target 'Helpers' in project 'Supabase'
        ➜ Explicit dependency on target 'ConcurrencyExtras' in project 'swift-concurrency-extras'
        ➜ Explicit dependency on target 'HTTPTypes' in project 'swift-http-types'
        ➜ Explicit dependency on target 'Clocks' in project 'swift-clocks'
        ➜ Explicit dependency on target 'XCTestDynamicOverlay' in project 'xctest-dynamic-overlay'
    Target 'Auth' in project 'Supabase'
        ➜ Explicit dependency on target 'Helpers' in project 'Supabase'
        ➜ Explicit dependency on target 'ConcurrencyExtras' in project 'swift-concurrency-extras'
        ➜ Explicit dependency on target 'HTTPTypes' in project 'swift-http-types'
        ➜ Explicit dependency on target 'Clocks' in project 'swift-clocks'
        ➜ Explicit dependency on target 'XCTestDynamicOverlay' in project 'xctest-dynamic-overlay'
        ➜ Explicit dependency on target 'Crypto' in project 'swift-crypto'
    Target 'Crypto' in project 'swift-crypto'
        ➜ Explicit dependency on target 'Crypto' in project 'swift-crypto'
        ➜ Explicit dependency on target 'swift-crypto_Crypto' in project 'swift-crypto'
    Target 'Crypto' in project 'swift-crypto'
        ➜ Explicit dependency on target 'swift-crypto_Crypto' in project 'swift-crypto'
    Target 'swift-crypto_Crypto' in project 'swift-crypto' (no dependencies)
    Target 'Helpers' in project 'Supabase'
        ➜ Explicit dependency on target 'ConcurrencyExtras' in project 'swift-concurrency-extras'
        ➜ Explicit dependency on target 'HTTPTypes' in project 'swift-http-types'
        ➜ Explicit dependency on target 'Clocks' in project 'swift-clocks'
        ➜ Explicit dependency on target 'XCTestDynamicOverlay' in project 'xctest-dynamic-overlay'
    Target 'XCTestDynamicOverlay' in project 'xctest-dynamic-overlay'
        ➜ Explicit dependency on target 'XCTestDynamicOverlay' in project 'xctest-dynamic-overlay'
        ➜ Explicit dependency on target 'IssueReportingPackageSupport' in project 'xctest-dynamic-overlay'
        ➜ Explicit dependency on target 'IssueReporting' in project 'xctest-dynamic-overlay'
    Target 'XCTestDynamicOverlay' in project 'xctest-dynamic-overlay'
        ➜ Explicit dependency on target 'IssueReportingPackageSupport' in project 'xctest-dynamic-overlay'
        ➜ Explicit dependency on target 'IssueReporting' in project 'xctest-dynamic-overlay'
    Target 'Clocks' in project 'swift-clocks'
        ➜ Explicit dependency on target 'Clocks' in project 'swift-clocks'
        ➜ Explicit dependency on target 'ConcurrencyExtras' in project 'swift-concurrency-extras'
        ➜ Explicit dependency on target 'IssueReporting' in project 'xctest-dynamic-overlay'
    Target 'Clocks' in project 'swift-clocks'
        ➜ Explicit dependency on target 'ConcurrencyExtras' in project 'swift-concurrency-extras'
        ➜ Explicit dependency on target 'IssueReporting' in project 'xctest-dynamic-overlay'
    Target 'IssueReporting' in project 'xctest-dynamic-overlay'
        ➜ Explicit dependency on target 'IssueReporting' in project 'xctest-dynamic-overlay'
        ➜ Explicit dependency on target 'IssueReportingPackageSupport' in project 'xctest-dynamic-overlay'
    Target 'IssueReporting' in project 'xctest-dynamic-overlay'
        ➜ Explicit dependency on target 'IssueReportingPackageSupport' in project 'xctest-dynamic-overlay'
    Target 'IssueReportingPackageSupport' in project 'xctest-dynamic-overlay' (no dependencies)
    Target 'HTTPTypes' in project 'swift-http-types'
        ➜ Explicit dependency on target 'HTTPTypes' in project 'swift-http-types'
    Target 'HTTPTypes' in project 'swift-http-types' (no dependencies)
    Target 'ConcurrencyExtras' in project 'swift-concurrency-extras'
        ➜ Explicit dependency on target 'ConcurrencyExtras' in project 'swift-concurrency-extras'
    Target 'ConcurrencyExtras' in project 'swift-concurrency-extras' (no dependencies)

GatherProvisioningInputs

CreateBuildDescription

ExecuteExternalTool /Applications/Xcode.app/Contents/Developer/Toolchains/XcodeDefault.xctoolchain/usr/bin/swiftc --version

ExecuteExternalTool /Applications/Xcode.app/Contents/Developer/Toolchains/XcodeDefault.xctoolchain/usr/bin/clang -v -E -dM -isysroot /Applications/Xcode.app/Contents/Developer/Platforms/iPhoneSimulator.platform/Developer/SDKs/iPhoneSimulator26.2.sdk -x c -c /dev/null

ExecuteExternalTool /Applications/Xcode.app/Contents/Developer/usr/bin/actool --print-asset-tag-combinations --output-format xml1 /Users/alanglass/_dev_local/HealthTracker/HealthTracker/Assets.xcassets

ExecuteExternalTool /Applications/Xcode.app/Contents/Developer/usr/bin/actool --version --output-format xml1

ExecuteExternalTool /Applications/Xcode.app/Contents/Developer/Toolchains/XcodeDefault.xctoolchain/usr/bin/ld -version_details

ReadFileContents /Applications/Xcode.app/Contents/Developer/Toolchains/XcodeDefault.xctoolchain/usr/share/docc/features.json

Build description signature: a2dd0d53e7ef3c25fd9eed5ace2f3be3
Build description path: /Users/alanglass/Library/Developer/Xcode/DerivedData/HealthTracker-dtsqbapzqzqblleocyxliksziqlc/Build/Intermediates.noindex/XCBuildData/a2dd0d53e7ef3c25fd9eed5ace2f3be3.xcbuilddata
ClangStatCache /Applications/Xcode.app/Contents/Developer/Toolchains/XcodeDefault.xctoolchain/usr/bin/clang-stat-cache /Applications/Xcode.app/Contents/Developer/Platforms/iPhoneSimulator.platform/Developer/SDKs/iPhoneSimulator26.2.sdk /Users/alanglass/Library/Developer/Xcode/DerivedData/SDKStatCaches.noindex/iphonesimulator26.2-23C53-7d00a8b37fbd7999ea79df8ebc024bf0.sdkstatcache
    cd /Users/alanglass/_dev_local/HealthTracker/HealthTracker.xcodeproj
    /Applications/Xcode.app/Contents/Developer/Toolchains/XcodeDefault.xctoolchain/usr/bin/clang-stat-cache /Applications/Xcode.app/Contents/Developer/Platforms/iPhoneSimulator.platform/Developer/SDKs/iPhoneSimulator26.2.sdk -o /Users/alanglass/Library/Developer/Xcode/DerivedData/SDKStatCaches.noindex/iphonesimulator26.2-23C53-7d00a8b37fbd7999ea79df8ebc024bf0.sdkstatcache

ProcessInfoPlistFile /Users/alanglass/Library/Developer/Xcode/DerivedData/HealthTracker-dtsqbapzqzqblleocyxliksziqlc/Build/Products/Debug-iphonesimulator/swift-crypto_Crypto.bundle/Info.plist /Users/alanglass/Library/Developer/Xcode/DerivedData/HealthTracker-dtsqbapzqzqblleocyxliksziqlc/Build/Intermediates.noindex/swift-crypto.build/Debug-iphonesimulator/swift-crypto_Crypto.build/empty-swift-crypto_Crypto.plist (in target 'swift-crypto_Crypto' from project 'swift-crypto')
    cd /Users/alanglass/Library/Developer/Xcode/DerivedData/HealthTracker-dtsqbapzqzqblleocyxliksziqlc/SourcePackages/checkouts/swift-crypto
    builtin-infoPlistUtility /Users/alanglass/Library/Developer/Xcode/DerivedData/HealthTracker-dtsqbapzqzqblleocyxliksziqlc/Build/Intermediates.noindex/swift-crypto.build/Debug-iphonesimulator/swift-crypto_Crypto.build/empty-swift-crypto_Crypto.plist -producttype com.apple.product-type.bundle -expandbuildsettings -format binary -platform iphonesimulator -o /Users/alanglass/Library/Developer/Xcode/DerivedData/HealthTracker-dtsqbapzqzqblleocyxliksziqlc/Build/Products/Debug-iphonesimulator/swift-crypto_Crypto.bundle/Info.plist

SwiftDriver Auth normal arm64 com.apple.xcode.tools.swift.compiler (in target 'Auth' from project 'Supabase')
    cd /Users/alanglass/_dev_local/HealthTracker/HealthTracker.xcodeproj
    builtin-SwiftDriver -- /Applications/Xcode.app/Contents/Developer/Toolchains/XcodeDefault.xctoolchain/usr/bin/swiftc -module-name Auth -Onone -enforce-exclusivity\=checked @/Users/alanglass/Library/Developer/Xcode/DerivedData/HealthTracker-dtsqbapzqzqblleocyxliksziqlc/Build/Intermediates.noindex/Supabase.build/Debug-iphonesimulator/Auth.build/Objects-normal/arm64/Auth.SwiftFileList -DSWIFT_PACKAGE -DDEBUG -DSWIFT_MODULE_RESOURCE_BUNDLE_UNAVAILABLE -DXcode -enable-upcoming-feature ExistentialAny -enable-experimental-feature StrictConcurrency -plugin-path /Applications/Xcode.app/Contents/Developer/Toolchains/XcodeDefault.xctoolchain/usr/lib/swift/host/plugins/testing -enable-experimental-feature DebugDescriptionMacro -sdk /Applications/Xcode.app/Contents/Developer/Platforms/iPhoneSimulator.platform/Developer/SDKs/iPhoneSimulator26.2.sdk -target arm64-apple-ios13.0-simulator -g -module-cache-path /Users/alanglass/Library/Developer/Xcode/DerivedData/ModuleCache.noindex -Xfrontend -serialize-debugging-options -enable-testing -suppress-warnings -index-store-path /Users/alanglass/Library/Developer/Xcode/DerivedData/HealthTracker-dtsqbapzqzqblleocyxliksziqlc/Index.noindex/DataStore -Xcc -D_LIBCPP_HARDENING_MODE\=_LIBCPP_HARDENING_MODE_DEBUG -swift-version 5 -I /Users/alanglass/Library/Developer/Xcode/DerivedData/HealthTracker-dtsqbapzqzqblleocyxliksziqlc/Build/Products/Debug-iphonesimulator -Isystem /Applications/Xcode.app/Contents/Developer/Platforms/iPhoneSimulator.platform/Developer/usr/lib -F /Users/alanglass/Library/Developer/Xcode/DerivedData/HealthTracker-dtsqbapzqzqblleocyxliksziqlc/Build/Products/Debug-iphonesimulator/PackageFrameworks -F /Users/alanglass/Library/Developer/Xcode/DerivedData/HealthTracker-dtsqbapzqzqblleocyxliksziqlc/Build/Products/Debug-iphonesimulator/PackageFrameworks -F /Users/alanglass/Library/Developer/Xcode/DerivedData/HealthTracker-dtsqbapzqzqblleocyxliksziqlc/Build/Products/Debug-iphonesimulator/PackageFrameworks -F /Users/alanglass/Library/Developer/Xcode/DerivedData/HealthTracker-dtsqbapzqzqblleocyxliksziqlc/Build/Products/Debug-iphonesimulator/PackageFrameworks -F /Users/alanglass/Library/Developer/Xcode/DerivedData/HealthTracker-dtsqbapzqzqblleocyxliksziqlc/Build/Products/Debug-iphonesimulator/PackageFrameworks -F /Users/alanglass/Library/Developer/Xcode/DerivedData/HealthTracker-dtsqbapzqzqblleocyxliksziqlc/Build/Products/Debug-iphonesimulator/PackageFrameworks -F /Users/alanglass/Library/Developer/Xcode/DerivedData/HealthTracker-dtsqbapzqzqblleocyxliksziqlc/Build/Products/Debug-iphonesimulator/PackageFrameworks -F /Users/alanglass/Library/Developer/Xcode/DerivedData/HealthTracker-dtsqbapzqzqblleocyxliksziqlc/Build/Products/Debug-iphonesimulator/PackageFrameworks -F /Users/alanglass/Library/Developer/Xcode/DerivedData/HealthTracker-dtsqbapzqzqblleocyxliksziqlc/Build/Products/Debug-iphonesimulator -F /Applications/Xcode.app/Contents/Developer/Platforms/iPhoneSimulator.platform/Developer/Library/Frameworks -F /Applications/Xcode.app/Contents/Developer/Platforms/iPhoneSimulator.platform/Developer/SDKs/iPhoneSimulator26.2.sdk/Developer/Library/Frameworks -c -j16 -enable-batch-mode -incremental -Xcc -ivfsstatcache -Xcc /Users/alanglass/Library/Developer/Xcode/DerivedData/SDKStatCaches.noindex/iphonesimulator26.2-23C53-7d00a8b37fbd7999ea79df8ebc024bf0.sdkstatcache -output-file-map /Users/alanglass/Library/Developer/Xcode/DerivedData/HealthTracker-dtsqbapzqzqblleocyxliksziqlc/Build/Intermediates.noindex/Supabase.build/Debug-iphonesimulator/Auth.build/Objects-normal/arm64/Auth-OutputFileMap.json -use-frontend-parseable-output -save-temps -no-color-diagnostics -explicit-module-build -module-cache-path /Users/alanglass/Library/Developer/Xcode/DerivedData/HealthTracker-dtsqbapzqzqblleocyxliksziqlc/Build/Intermediates.noindex/SwiftExplicitPrecompiledModules -clang-scanner-module-cache-path /Users/alanglass/Library/Developer/Xcode/DerivedData/ModuleCache.noindex -sdk-module-cache-path /Users/alanglass/Library/Developer/Xcode/DerivedData/ModuleCache.noindex -serialize-diagnostics -emit-dependencies -emit-module -emit-module-path /Users/alanglass/Library/Developer/Xcode/DerivedData/HealthTracker-dtsqbapzqzqblleocyxliksziqlc/Build/Intermediates.noindex/Supabase.build/Debug-iphonesimulator/Auth.build/Objects-normal/arm64/Auth.swiftmodule -validate-clang-modules-once -clang-build-session-file /Users/alanglass/Library/Developer/Xcode/DerivedData/ModuleCache.noindex/Session.modulevalidation -package-name supabase_swift -Xcc -I/Users/alanglass/Library/Developer/Xcode/DerivedData/HealthTracker-dtsqbapzqzqblleocyxliksziqlc/Build/Intermediates.noindex/Supabase.build/Debug-iphonesimulator/Auth.build/swift-overrides.hmap -emit-const-values -Xfrontend -const-gather-protocols-file -Xfrontend /Users/alanglass/Library/Developer/Xcode/DerivedData/HealthTracker-dtsqbapzqzqblleocyxliksziqlc/Build/Intermediates.noindex/Supabase.build/Debug-iphonesimulator/Auth.build/Objects-normal/arm64/Auth_const_extract_protocols.json -Xcc -I/Users/alanglass/Library/Developer/Xcode/DerivedData/HealthTracker-dtsqbapzqzqblleocyxliksziqlc/Build/Products/Debug-iphonesimulator/include -Xcc -I/Users/alanglass/Library/Developer/Xcode/DerivedData/HealthTracker-dtsqbapzqzqblleocyxliksziqlc/Build/Intermediates.noindex/Supabase.build/Debug-iphonesimulator/Auth.build/DerivedSources-normal/arm64 -Xcc -I/Users/alanglass/Library/Developer/Xcode/DerivedData/HealthTracker-dtsqbapzqzqblleocyxliksziqlc/Build/Intermediates.noindex/Supabase.build/Debug-iphonesimulator/Auth.build/DerivedSources/arm64 -Xcc -I/Users/alanglass/Library/Developer/Xcode/DerivedData/HealthTracker-dtsqbapzqzqblleocyxliksziqlc/Build/Intermediates.noindex/Supabase.build/Debug-iphonesimulator/Auth.build/DerivedSources -Xcc -DSWIFT_PACKAGE -Xcc -DDEBUG\=1 -emit-objc-header -emit-objc-header-path /Users/alanglass/Library/Developer/Xcode/DerivedData/HealthTracker-dtsqbapzqzqblleocyxliksziqlc/Build/Intermediates.noindex/Supabase.build/Debug-iphonesimulator/Auth.build/Objects-normal/arm64/Auth-Swift.h -working-directory /Users/alanglass/_dev_local/HealthTracker/HealthTracker.xcodeproj -experimental-emit-module-separately -disable-cmo

SwiftCompile normal arm64 Compiling\ Types.swift /Users/alanglass/Library/Developer/Xcode/DerivedData/HealthTracker-dtsqbapzqzqblleocyxliksziqlc/SourcePackages/checkouts/supabase-swift/Sources/Auth/Types.swift (in target 'Auth' from project 'Supabase')

SwiftCompile normal arm64 /Users/alanglass/Library/Developer/Xcode/DerivedData/HealthTracker-dtsqbapzqzqblleocyxliksziqlc/SourcePackages/checkouts/supabase-swift/Sources/Auth/Types.swift (in target 'Auth' from project 'Supabase')
    cd /Users/alanglass/_dev_local/HealthTracker/HealthTracker.xcodeproj
    
/Users/alanglass/_dev_local/HealthTracker/HealthTracker/MorningBriefingView.swift:83:9: error: expected declaration
        .padding()
        ^
/Users/alanglass/_dev_local/HealthTracker/HealthTracker/MorningBriefingView.swift:10:8: note: in declaration of 'MorningBriefingView'
struct MorningBriefingView: View {
       ^
/Users/alanglass/_dev_local/HealthTracker/HealthTracker/MorningBriefingView.swift:88:1: error: extraneous '}' at top level
}
^
/Users/alanglass/_dev_local/HealthTracker/HealthTracker/MorningBriefingView.swift:83:9: error: expected declaration
        .padding()
        ^
/Users/alanglass/_dev_local/HealthTracker/HealthTracker/MorningBriefingView.swift:10:8: note: in declaration of 'MorningBriefingView'
struct MorningBriefingView: View {
       ^
/Users/alanglass/_dev_local/HealthTracker/HealthTracker/MorningBriefingView.swift:88:1: error: extraneous '}' at top level
}
^

SwiftCompile normal arm64 Compiling\ AuthClientConfiguration.swift /Users/alanglass/Library/Developer/Xcode/DerivedData/HealthTracker-dtsqbapzqzqblleocyxliksziqlc/SourcePackages/checkouts/supabase-swift/Sources/Auth/AuthClientConfiguration.swift (in target 'Auth' from project 'Supabase')

SwiftCompile normal arm64 /Users/alanglass/Library/Developer/Xcode/DerivedData/HealthTracker-dtsqbapzqzqblleocyxliksziqlc/SourcePackages/checkouts/supabase-swift/Sources/Auth/AuthClientConfiguration.swift (in target 'Auth' from project 'Supabase')
    cd /Users/alanglass/_dev_local/HealthTracker/HealthTracker.xcodeproj
    

SwiftCompile normal arm64 Compiling\ AuthClient.swift /Users/alanglass/Library/Developer/Xcode/DerivedData/HealthTracker-dtsqbapzqzqblleocyxliksziqlc/SourcePackages/checkouts/supabase-swift/Sources/Auth/AuthClient.swift (in target 'Auth' from project 'Supabase')
SwiftCompile normal arm64 /Users/alanglass/Library/Developer/Xcode/DerivedData/HealthTracker-dtsqbapzqzqblleocyxliksziqlc/SourcePackages/checkouts/supabase-swift/Sources/Auth/AuthClient.swift (in target 'Auth' from project 'Supabase')
    cd /Users/alanglass/_dev_local/HealthTracker/HealthTracker.xcodeproj
    

SwiftEmitModule normal arm64 Emitting\ module\ for\ Auth (in target 'Auth' from project 'Supabase')

EmitSwiftModule normal arm64 (in target 'Auth' from project 'Supabase')
    cd /Users/alanglass/_dev_local/HealthTracker/HealthTracker.xcodeproj
    

SwiftDriverJobDiscovery normal arm64 Compiling AuthClientConfiguration.swift (in target 'Auth' from project 'Supabase')

SwiftCompile normal arm64 Compiling\ Defaults.swift /Users/alanglass/Library/Developer/Xcode/DerivedData/HealthTracker-dtsqbapzqzqblleocyxliksziqlc/SourcePackages/checkouts/supabase-swift/Sources/Auth/Defaults.swift (in target 'Auth' from project 'Supabase')

SwiftCompile normal arm64 /Users/alanglass/Library/Developer/Xcode/DerivedData/HealthTracker-dtsqbapzqzqblleocyxliksziqlc/SourcePackages/checkouts/supabase-swift/Sources/Auth/Defaults.swift (in target 'Auth' from project 'Supabase')
    cd /Users/alanglass/_dev_local/HealthTracker/HealthTracker.xcodeproj
    

SwiftCompile normal arm64 Compiling\ AuthAdmin.swift /Users/alanglass/Library/Developer/Xcode/DerivedData/HealthTracker-dtsqbapzqzqblleocyxliksziqlc/SourcePackages/checkouts/supabase-swift/Sources/Auth/AuthAdmin.swift (in target 'Auth' from project 'Supabase')

SwiftCompile normal arm64 /Users/alanglass/Library/Developer/Xcode/DerivedData/HealthTracker-dtsqbapzqzqblleocyxliksziqlc/SourcePackages/checkouts/supabase-swift/Sources/Auth/AuthAdmin.swift (in target 'Auth' from project 'Supabase')
    cd /Users/alanglass/_dev_local/HealthTracker/HealthTracker.xcodeproj
    

SwiftCompile normal arm64 Compiling\ AuthMFA.swift /Users/alanglass/Library/Developer/Xcode/DerivedData/HealthTracker-dtsqbapzqzqblleocyxliksziqlc/SourcePackages/checkouts/supabase-swift/Sources/Auth/AuthMFA.swift (in target 'Auth' from project 'Supabase')

SwiftCompile normal arm64 /Users/alanglass/Library/Developer/Xcode/DerivedData/HealthTracker-dtsqbapzqzqblleocyxliksziqlc/SourcePackages/checkouts/supabase-swift/Sources/Auth/AuthMFA.swift (in target 'Auth' from project 'Supabase')
    cd /Users/alanglass/_dev_local/HealthTracker/HealthTracker.xcodeproj
    

SwiftCompile normal arm64 Compiling\ AuthAdminOAuth.swift /Users/alanglass/Library/Developer/Xcode/DerivedData/HealthTracker-dtsqbapzqzqblleocyxliksziqlc/SourcePackages/checkouts/supabase-swift/Sources/Auth/AuthAdminOAuth.swift (in target 'Auth' from project 'Supabase')

SwiftCompile normal arm64 /Users/alanglass/Library/Developer/Xcode/DerivedData/HealthTracker-dtsqbapzqzqblleocyxliksziqlc/SourcePackages/checkouts/supabase-swift/Sources/Auth/AuthAdminOAuth.swift (in target 'Auth' from project 'Supabase')
    cd /Users/alanglass/_dev_local/HealthTracker/HealthTracker.xcodeproj
    

SwiftCompile normal arm64 Compiling\ APIClient.swift /Users/alanglass/Library/Developer/Xcode/DerivedData/HealthTracker-dtsqbapzqzqblleocyxliksziqlc/SourcePackages/checkouts/supabase-swift/Sources/Auth/Internal/APIClient.swift (in target 'Auth' from project 'Supabase')

SwiftCompile normal arm64 /Users/alanglass/Library/Developer/Xcode/DerivedData/HealthTracker-dtsqbapzqzqblleocyxliksziqlc/SourcePackages/checkouts/supabase-swift/Sources/Auth/Internal/APIClient.swift (in target 'Auth' from project 'Supabase')
    cd /Users/alanglass/_dev_local/HealthTracker/HealthTracker.xcodeproj
    

SwiftCompile normal arm64 Compiling\ AuthError.swift /Users/alanglass/Library/Developer/Xcode/DerivedData/HealthTracker-dtsqbapzqzqblleocyxliksziqlc/SourcePackages/checkouts/supabase-swift/Sources/Auth/AuthError.swift (in target 'Auth' from project 'Supabase')

SwiftCompile normal arm64 /Users/alanglass/Library/Developer/Xcode/DerivedData/HealthTracker-dtsqbapzqzqblleocyxliksziqlc/SourcePackages/checkouts/supabase-swift/Sources/Auth/AuthError.swift (in target 'Auth' from project 'Supabase')
    cd /Users/alanglass/_dev_local/HealthTracker/HealthTracker.xcodeproj
    

SwiftCompile normal arm64 Compiling\ Deprecated.swift /Users/alanglass/Library/Developer/Xcode/DerivedData/HealthTracker-dtsqbapzqzqblleocyxliksziqlc/SourcePackages/checkouts/supabase-swift/Sources/Auth/Deprecated.swift (in target 'Auth' from project 'Supabase')

SwiftCompile normal arm64 /Users/alanglass/Library/Developer/Xcode/DerivedData/HealthTracker-dtsqbapzqzqblleocyxliksziqlc/SourcePackages/checkouts/supabase-swift/Sources/Auth/Deprecated.swift (in target 'Auth' from project 'Supabase')
    cd /Users/alanglass/_dev_local/HealthTracker/HealthTracker.xcodeproj
    

SwiftCompile normal arm64 Compiling\ EventEmitter.swift /Users/alanglass/Library/Developer/Xcode/DerivedData/HealthTracker-dtsqbapzqzqblleocyxliksziqlc/SourcePackages/checkouts/supabase-swift/Sources/Auth/Internal/EventEmitter.swift (in target 'Auth' from project 'Supabase')

SwiftCompile normal arm64 /Users/alanglass/Library/Developer/Xcode/DerivedData/HealthTracker-dtsqbapzqzqblleocyxliksziqlc/SourcePackages/checkouts/supabase-swift/Sources/Auth/Internal/EventEmitter.swift (in target 'Auth' from project 'Supabase')
    cd /Users/alanglass/_dev_local/HealthTracker/HealthTracker.xcodeproj
    

SwiftCompile normal arm64 Compiling\ Dependencies.swift /Users/alanglass/Library/Developer/Xcode/DerivedData/HealthTracker-dtsqbapzqzqblleocyxliksziqlc/SourcePackages/checkouts/supabase-swift/Sources/Auth/Internal/Dependencies.swift (in target 'Auth' from project 'Supabase')

SwiftCompile normal arm64 /Users/alanglass/Library/Developer/Xcode/DerivedData/HealthTracker-dtsqbapzqzqblleocyxliksziqlc/SourcePackages/checkouts/supabase-swift/Sources/Auth/Internal/Dependencies.swift (in target 'Auth' from project 'Supabase')
    cd /Users/alanglass/_dev_local/HealthTracker/HealthTracker.xcodeproj
    

SwiftCompile normal arm64 Compiling\ CodeVerifierStorage.swift /Users/alanglass/Library/Developer/Xcode/DerivedData/HealthTracker-dtsqbapzqzqblleocyxliksziqlc/SourcePackages/checkouts/supabase-swift/Sources/Auth/Internal/CodeVerifierStorage.swift (in target 'Auth' from project 'Supabase')

SwiftCompile normal arm64 /Users/alanglass/Library/Developer/Xcode/DerivedData/HealthTracker-dtsqbapzqzqblleocyxliksziqlc/SourcePackages/checkouts/supabase-swift/Sources/Auth/Internal/CodeVerifierStorage.swift (in target 'Auth' from project 'Supabase')
    cd /Users/alanglass/_dev_local/HealthTracker/HealthTracker.xcodeproj
    

SwiftCompile normal arm64 Compiling\ SessionStorage.swift /Users/alanglass/Library/Developer/Xcode/DerivedData/HealthTracker-dtsqbapzqzqblleocyxliksziqlc/SourcePackages/checkouts/supabase-swift/Sources/Auth/Internal/SessionStorage.swift (in target 'Auth' from project 'Supabase')

SwiftCompile normal arm64 /Users/alanglass/Library/Developer/Xcode/DerivedData/HealthTracker-dtsqbapzqzqblleocyxliksziqlc/SourcePackages/checkouts/supabase-swift/Sources/Auth/Internal/SessionStorage.swift (in target 'Auth' from project 'Supabase')
    cd /Users/alanglass/_dev_local/HealthTracker/HealthTracker.xcodeproj
    

SwiftCompile normal arm64 Compiling\ AuthLocalStorage.swift /Users/alanglass/Library/Developer/Xcode/DerivedData/HealthTracker-dtsqbapzqzqblleocyxliksziqlc/SourcePackages/checkouts/supabase-swift/Sources/Auth/Storage/AuthLocalStorage.swift (in target 'Auth' from project 'Supabase')

SwiftCompile normal arm64 /Users/alanglass/Library/Developer/Xcode/DerivedData/HealthTracker-dtsqbapzqzqblleocyxliksziqlc/SourcePackages/checkouts/supabase-swift/Sources/Auth/Storage/AuthLocalStorage.swift (in target 'Auth' from project 'Supabase')
    cd /Users/alanglass/_dev_local/HealthTracker/HealthTracker.xcodeproj
    

SwiftCompile normal arm64 Compiling\ SessionManager.swift /Users/alanglass/Library/Developer/Xcode/DerivedData/HealthTracker-dtsqbapzqzqblleocyxliksziqlc/SourcePackages/checkouts/supabase-swift/Sources/Auth/Internal/SessionManager.swift (in target 'Auth' from project 'Supabase')

SwiftCompile normal arm64 /Users/alanglass/Library/Developer/Xcode/DerivedData/HealthTracker-dtsqbapzqzqblleocyxliksziqlc/SourcePackages/checkouts/supabase-swift/Sources/Auth/Internal/SessionManager.swift (in target 'Auth' from project 'Supabase')
    cd /Users/alanglass/_dev_local/HealthTracker/HealthTracker.xcodeproj
    

SwiftDriverJobDiscovery normal arm64 Compiling AuthLocalStorage.swift (in target 'Auth' from project 'Supabase')

SwiftDriverJobDiscovery normal arm64 Compiling Defaults.swift (in target 'Auth' from project 'Supabase')

SwiftDriverJobDiscovery normal arm64 Compiling Deprecated.swift (in target 'Auth' from project 'Supabase')

SwiftDriverJobDiscovery normal arm64 Compiling EventEmitter.swift (in target 'Auth' from project 'Supabase')

SwiftDriverJobDiscovery normal arm64 Compiling Dependencies.swift (in target 'Auth' from project 'Supabase')

SwiftDriverJobDiscovery normal arm64 Compiling CodeVerifierStorage.swift (in target 'Auth' from project 'Supabase')

SwiftDriverJobDiscovery normal arm64 Compiling SessionStorage.swift (in target 'Auth' from project 'Supabase')

SwiftDriverJobDiscovery normal arm64 Compiling AuthAdminOAuth.swift (in target 'Auth' from project 'Supabase')

SwiftDriverJobDiscovery normal arm64 Compiling SessionManager.swift (in target 'Auth' from project 'Supabase')

SwiftDriverJobDiscovery normal arm64 Compiling AuthAdmin.swift (in target 'Auth' from project 'Supabase')

SwiftDriverJobDiscovery normal arm64 Compiling AuthMFA.swift (in target 'Auth' from project 'Supabase')

SwiftDriverJobDiscovery normal arm64 Compiling APIClient.swift (in target 'Auth' from project 'Supabase')

SwiftDriverJobDiscovery normal arm64 Compiling AuthError.swift (in target 'Auth' from project 'Supabase')

SwiftDriverJobDiscovery normal arm64 Emitting module for Auth (in target 'Auth' from project 'Supabase')

SwiftDriver\ Compilation\ Requirements Auth normal arm64 com.apple.xcode.tools.swift.compiler (in target 'Auth' from project 'Supabase')
    cd /Users/alanglass/_dev_local/HealthTracker/HealthTracker.xcodeproj
    builtin-Swift-Compilation-Requirements -- /Applications/Xcode.app/Contents/Developer/Toolchains/XcodeDefault.xctoolchain/usr/bin/swiftc -module-name Auth -Onone -enforce-exclusivity\=checked @/Users/alanglass/Library/Developer/Xcode/DerivedData/HealthTracker-dtsqbapzqzqblleocyxliksziqlc/Build/Intermediates.noindex/Supabase.build/Debug-iphonesimulator/Auth.build/Objects-normal/arm64/Auth.SwiftFileList -DSWIFT_PACKAGE -DDEBUG -DSWIFT_MODULE_RESOURCE_BUNDLE_UNAVAILABLE -DXcode -enable-upcoming-feature ExistentialAny -enable-experimental-feature StrictConcurrency -plugin-path /Applications/Xcode.app/Contents/Developer/Toolchains/XcodeDefault.xctoolchain/usr/lib/swift/host/plugins/testing -enable-experimental-feature DebugDescriptionMacro -sdk /Applications/Xcode.app/Contents/Developer/Platforms/iPhoneSimulator.platform/Developer/SDKs/iPhoneSimulator26.2.sdk -target arm64-apple-ios13.0-simulator -g -module-cache-path /Users/alanglass/Library/Developer/Xcode/DerivedData/ModuleCache.noindex -Xfrontend -serialize-debugging-options -enable-testing -suppress-warnings -index-store-path /Users/alanglass/Library/Developer/Xcode/DerivedData/HealthTracker-dtsqbapzqzqblleocyxliksziqlc/Index.noindex/DataStore -Xcc -D_LIBCPP_HARDENING_MODE\=_LIBCPP_HARDENING_MODE_DEBUG -swift-version 5 -I /Users/alanglass/Library/Developer/Xcode/DerivedData/HealthTracker-dtsqbapzqzqblleocyxliksziqlc/Build/Products/Debug-iphonesimulator -Isystem /Applications/Xcode.app/Contents/Developer/Platforms/iPhoneSimulator.platform/Developer/usr/lib -F /Users/alanglass/Library/Developer/Xcode/DerivedData/HealthTracker-dtsqbapzqzqblleocyxliksziqlc/Build/Products/Debug-iphonesimulator/PackageFrameworks -F /Users/alanglass/Library/Developer/Xcode/DerivedData/HealthTracker-dtsqbapzqzqblleocyxliksziqlc/Build/Products/Debug-iphonesimulator/PackageFrameworks -F /Users/alanglass/Library/Developer/Xcode/DerivedData/HealthTracker-dtsqbapzqzqblleocyxliksziqlc/Build/Products/Debug-iphonesimulator/PackageFrameworks -F /Users/alanglass/Library/Developer/Xcode/DerivedData/HealthTracker-dtsqbapzqzqblleocyxliksziqlc/Build/Products/Debug-iphonesimulator/PackageFrameworks -F /Users/alanglass/Library/Developer/Xcode/DerivedData/HealthTracker-dtsqbapzqzqblleocyxliksziqlc/Build/Products/Debug-iphonesimulator/PackageFrameworks -F /Users/alanglass/Library/Developer/Xcode/DerivedData/HealthTracker-dtsqbapzqzqblleocyxliksziqlc/Build/Products/Debug-iphonesimulator/PackageFrameworks -F /Users/alanglass/Library/Developer/Xcode/DerivedData/HealthTracker-dtsqbapzqzqblleocyxliksziqlc/Build/Products/Debug-iphonesimulator/PackageFrameworks -F /Users/alanglass/Library/Developer/Xcode/DerivedData/HealthTracker-dtsqbapzqzqblleocyxliksziqlc/Build/Products/Debug-iphonesimulator/PackageFrameworks -F /Users/alanglass/Library/Developer/Xcode/DerivedData/HealthTracker-dtsqbapzqzqblleocyxliksziqlc/Build/Products/Debug-iphonesimulator -F /Applications/Xcode.app/Contents/Developer/Platforms/iPhoneSimulator.platform/Developer/Library/Frameworks -F /Applications/Xcode.app/Contents/Developer/Platforms/iPhoneSimulator.platform/Developer/SDKs/iPhoneSimulator26.2.sdk/Developer/Library/Frameworks -c -j16 -enable-batch-mode -incremental -Xcc -ivfsstatcache -Xcc /Users/alanglass/Library/Developer/Xcode/DerivedData/SDKStatCaches.noindex/iphonesimulator26.2-23C53-7d00a8b37fbd7999ea79df8ebc024bf0.sdkstatcache -output-file-map /Users/alanglass/Library/Developer/Xcode/DerivedData/HealthTracker-dtsqbapzqzqblleocyxliksziqlc/Build/Intermediates.noindex/Supabase.build/Debug-iphonesimulator/Auth.build/Objects-normal/arm64/Auth-OutputFileMap.json -use-frontend-parseable-output -save-temps -no-color-diagnostics -explicit-module-build -module-cache-path /Users/alanglass/Library/Developer/Xcode/DerivedData/HealthTracker-dtsqbapzqzqblleocyxliksziqlc/Build/Intermediates.noindex/SwiftExplicitPrecompiledModules -clang-scanner-module-cache-path /Users/alanglass/Library/Developer/Xcode/DerivedData/ModuleCache.noindex -sdk-module-cache-path /Users/alanglass/Library/Developer/Xcode/DerivedData/ModuleCache.noindex -serialize-diagnostics -emit-dependencies -emit-module -emit-module-path /Users/alanglass/Library/Developer/Xcode/DerivedData/HealthTracker-dtsqbapzqzqblleocyxliksziqlc/Build/Intermediates.noindex/Supabase.build/Debug-iphonesimulator/Auth.build/Objects-normal/arm64/Auth.swiftmodule -validate-clang-modules-once -clang-build-session-file /Users/alanglass/Library/Developer/Xcode/DerivedData/ModuleCache.noindex/Session.modulevalidation -package-name supabase_swift -Xcc -I/Users/alanglass/Library/Developer/Xcode/DerivedData/HealthTracker-dtsqbapzqzqblleocyxliksziqlc/Build/Intermediates.noindex/Supabase.build/Debug-iphonesimulator/Auth.build/swift-overrides.hmap -emit-const-values -Xfrontend -const-gather-protocols-file -Xfrontend /Users/alanglass/Library/Developer/Xcode/DerivedData/HealthTracker-dtsqbapzqzqblleocyxliksziqlc/Build/Intermediates.noindex/Supabase.build/Debug-iphonesimulator/Auth.build/Objects-normal/arm64/Auth_const_extract_protocols.json -Xcc -I/Users/alanglass/Library/Developer/Xcode/DerivedData/HealthTracker-dtsqbapzqzqblleocyxliksziqlc/Build/Products/Debug-iphonesimulator/include -Xcc -I/Users/alanglass/Library/Developer/Xcode/DerivedData/HealthTracker-dtsqbapzqzqblleocyxliksziqlc/Build/Intermediates.noindex/Supabase.build/Debug-iphonesimulator/Auth.build/DerivedSources-normal/arm64 -Xcc -I/Users/alanglass/Library/Developer/Xcode/DerivedData/HealthTracker-dtsqbapzqzqblleocyxliksziqlc/Build/Intermediates.noindex/Supabase.build/Debug-iphonesimulator/Auth.build/DerivedSources/arm64 -Xcc -I/Users/alanglass/Library/Developer/Xcode/DerivedData/HealthTracker-dtsqbapzqzqblleocyxliksziqlc/Build/Intermediates.noindex/Supabase.build/Debug-iphonesimulator/Auth.build/DerivedSources -Xcc -DSWIFT_PACKAGE -Xcc -DDEBUG\=1 -emit-objc-header -emit-objc-header-path /Users/alanglass/Library/Developer/Xcode/DerivedData/HealthTracker-dtsqbapzqzqblleocyxliksziqlc/Build/Intermediates.noindex/Supabase.build/Debug-iphonesimulator/Auth.build/Objects-normal/arm64/Auth-Swift.h -working-directory /Users/alanglass/_dev_local/HealthTracker/HealthTracker.xcodeproj -experimental-emit-module-separately -disable-cmo

Copy /Users/alanglass/Library/Developer/Xcode/DerivedData/HealthTracker-dtsqbapzqzqblleocyxliksziqlc/Build/Products/Debug-iphonesimulator/Auth.swiftmodule/arm64-apple-ios-simulator.abi.json /Users/alanglass/Library/Developer/Xcode/DerivedData/HealthTracker-dtsqbapzqzqblleocyxliksziqlc/Build/Intermediates.noindex/Supabase.build/Debug-iphonesimulator/Auth.build/Objects-normal/arm64/Auth.abi.json (in target 'Auth' from project 'Supabase')
    cd /Users/alanglass/Library/Developer/Xcode/DerivedData/HealthTracker-dtsqbapzqzqblleocyxliksziqlc/SourcePackages/checkouts/supabase-swift
    builtin-copy -exclude .DS_Store -exclude CVS -exclude .svn -exclude .git -exclude .hg -resolve-src-symlinks -rename /Users/alanglass/Library/Developer/Xcode/DerivedData/HealthTracker-dtsqbapzqzqblleocyxliksziqlc/Build/Intermediates.noindex/Supabase.build/Debug-iphonesimulator/Auth.build/Objects-normal/arm64/Auth.abi.json /Users/alanglass/Library/Developer/Xcode/DerivedData/HealthTracker-dtsqbapzqzqblleocyxliksziqlc/Build/Products/Debug-iphonesimulator/Auth.swiftmodule/arm64-apple-ios-simulator.abi.json

SwiftDriver HealthTracker normal x86_64 com.apple.xcode.tools.swift.compiler (in target 'HealthTracker' from project 'HealthTracker')
    cd /Users/alanglass/_dev_local/HealthTracker
    builtin-SwiftDriver -- /Applications/Xcode.app/Contents/Developer/Toolchains/XcodeDefault.xctoolchain/usr/bin/swiftc -module-name HealthTracker -Onone -enforce-exclusivity\=checked @/Users/alanglass/Library/Developer/Xcode/DerivedData/HealthTracker-dtsqbapzqzqblleocyxliksziqlc/Build/Intermediates.noindex/HealthTracker.build/Debug-iphonesimulator/HealthTracker.build/Objects-normal/x86_64/HealthTracker.SwiftFileList -DDEBUG -default-isolation\=MainActor -enable-bare-slash-regex -enable-upcoming-feature DisableOutwardActorInference -enable-upcoming-feature InferSendableFromCaptures -enable-upcoming-feature GlobalActorIsolatedTypesUsability -enable-upcoming-feature MemberImportVisibility -enable-upcoming-feature InferIsolatedConformances -enable-upcoming-feature NonisolatedNonsendingByDefault -enable-experimental-feature DebugDescriptionMacro -sdk /Applications/Xcode.app/Contents/Developer/Platforms/iPhoneSimulator.platform/Developer/SDKs/iPhoneSimulator26.2.sdk -target x86_64-apple-ios26.2-simulator -g -module-cache-path /Users/alanglass/Library/Developer/Xcode/DerivedData/ModuleCache.noindex -Xfrontend -serialize-debugging-options -enable-testing -index-store-path /Users/alanglass/Library/Developer/Xcode/DerivedData/HealthTracker-dtsqbapzqzqblleocyxliksziqlc/Index.noindex/DataStore -Xcc -D_LIBCPP_HARDENING_MODE\=_LIBCPP_HARDENING_MODE_DEBUG -swift-version 5 -I /Users/alanglass/Library/Developer/Xcode/DerivedData/HealthTracker-dtsqbapzqzqblleocyxliksziqlc/Build/Products/Debug-iphonesimulator -F /Users/alanglass/Library/Developer/Xcode/DerivedData/HealthTracker-dtsqbapzqzqblleocyxliksziqlc/Build/Products/Debug-iphonesimulator/PackageFrameworks -F /Users/alanglass/Library/Developer/Xcode/DerivedData/HealthTracker-dtsqbapzqzqblleocyxliksziqlc/Build/Products/Debug-iphonesimulator/PackageFrameworks -F /Users/alanglass/Library/Developer/Xcode/DerivedData/HealthTracker-dtsqbapzqzqblleocyxliksziqlc/Build/Products/Debug-iphonesimulator/PackageFrameworks -F /Users/alanglass/Library/Developer/Xcode/DerivedData/HealthTracker-dtsqbapzqzqblleocyxliksziqlc/Build/Products/Debug-iphonesimulator/PackageFrameworks -F /Users/alanglass/Library/Developer/Xcode/DerivedData/HealthTracker-dtsqbapzqzqblleocyxliksziqlc/Build/Products/Debug-iphonesimulator/PackageFrameworks -F /Users/alanglass/Library/Developer/Xcode/DerivedData/HealthTracker-dtsqbapzqzqblleocyxliksziqlc/Build/Products/Debug-iphonesimulator/PackageFrameworks -F /Users/alanglass/Library/Developer/Xcode/DerivedData/HealthTracker-dtsqbapzqzqblleocyxliksziqlc/Build/Products/Debug-iphonesimulator/PackageFrameworks -F /Users/alanglass/Library/Developer/Xcode/DerivedData/HealthTracker-dtsqbapzqzqblleocyxliksziqlc/Build/Products/Debug-iphonesimulator/PackageFrameworks -F /Users/alanglass/Library/Developer/Xcode/DerivedData/HealthTracker-dtsqbapzqzqblleocyxliksziqlc/Build/Products/Debug-iphonesimulator/PackageFrameworks -F /Users/alanglass/Library/Developer/Xcode/DerivedData/HealthTracker-dtsqbapzqzqblleocyxliksziqlc/Build/Products/Debug-iphonesimulator/PackageFrameworks -F /Users/alanglass/Library/Developer/Xcode/DerivedData/HealthTracker-dtsqbapzqzqblleocyxliksziqlc/Build/Products/Debug-iphonesimulator/PackageFrameworks -F /Users/alanglass/Library/Developer/Xcode/DerivedData/HealthTracker-dtsqbapzqzqblleocyxliksziqlc/Build/Products/Debug-iphonesimulator/PackageFrameworks -F /Users/alanglass/Library/Developer/Xcode/DerivedData/HealthTracker-dtsqbapzqzqblleocyxliksziqlc/Build/Products/Debug-iphonesimulator/PackageFrameworks -F /Users/alanglass/Library/Developer/Xcode/DerivedData/HealthTracker-dtsqbapzqzqblleocyxliksziqlc/Build/Products/Debug-iphonesimulator/PackageFrameworks -F /Users/alanglass/Library/Developer/Xcode/DerivedData/HealthTracker-dtsqbapzqzqblleocyxliksziqlc/Build/Products/Debug-iphonesimulator -emit-localized-strings -emit-localized-strings-path /Users/alanglass/Library/Developer/Xcode/DerivedData/HealthTracker-dtsqbapzqzqblleocyxliksziqlc/Build/Intermediates.noindex/HealthTracker.build/Debug-iphonesimulator/HealthTracker.build/Objects-normal/x86_64 -c -j16 -enable-batch-mode -incremental -Xcc -ivfsstatcache -Xcc /Users/alanglass/Library/Developer/Xcode/DerivedData/SDKStatCaches.noindex/iphonesimulator26.2-23C53-7d00a8b37fbd7999ea79df8ebc024bf0.sdkstatcache -output-file-map /Users/alanglass/Library/Developer/Xcode/DerivedData/HealthTracker-dtsqbapzqzqblleocyxliksziqlc/Build/Intermediates.noindex/HealthTracker.build/Debug-iphonesimulator/HealthTracker.build/Objects-normal/x86_64/HealthTracker-OutputFileMap.json -use-frontend-parseable-output -save-temps -no-color-diagnostics -explicit-module-build -module-cache-path /Users/alanglass/Library/Developer/Xcode/DerivedData/HealthTracker-dtsqbapzqzqblleocyxliksziqlc/Build/Intermediates.noindex/SwiftExplicitPrecompiledModules -clang-scanner-module-cache-path /Users/alanglass/Library/Developer/Xcode/DerivedData/ModuleCache.noindex -sdk-module-cache-path /Users/alanglass/Library/Developer/Xcode/DerivedData/ModuleCache.noindex -serialize-diagnostics -emit-dependencies -emit-module -emit-module-path /Users/alanglass/Library/Developer/Xcode/DerivedData/HealthTracker-dtsqbapzqzqblleocyxliksziqlc/Build/Intermediates.noindex/HealthTracker.build/Debug-iphonesimulator/HealthTracker.build/Objects-normal/x86_64/HealthTracker.swiftmodule -validate-clang-modules-once -clang-build-session-file /Users/alanglass/Library/Developer/Xcode/DerivedData/ModuleCache.noindex/Session.modulevalidation -Xcc -I/Users/alanglass/Library/Developer/Xcode/DerivedData/HealthTracker-dtsqbapzqzqblleocyxliksziqlc/Build/Intermediates.noindex/HealthTracker.build/Debug-iphonesimulator/HealthTracker.build/swift-overrides.hmap -emit-const-values -Xfrontend -const-gather-protocols-file -Xfrontend /Users/alanglass/Library/Developer/Xcode/DerivedData/HealthTracker-dtsqbapzqzqblleocyxliksziqlc/Build/Intermediates.noindex/HealthTracker.build/Debug-iphonesimulator/HealthTracker.build/Objects-normal/x86_64/HealthTracker_const_extract_protocols.json -Xcc -iquote -Xcc /Users/alanglass/Library/Developer/Xcode/DerivedData/HealthTracker-dtsqbapzqzqblleocyxliksziqlc/Build/Intermediates.noindex/HealthTracker.build/Debug-iphonesimulator/HealthTracker.build/HealthTracker-generated-files.hmap -Xcc -I/Users/alanglass/Library/Developer/Xcode/DerivedData/HealthTracker-dtsqbapzqzqblleocyxliksziqlc/Build/Intermediates.noindex/HealthTracker.build/Debug-iphonesimulator/HealthTracker.build/HealthTracker-own-target-headers.hmap -Xcc -I/Users/alanglass/Library/Developer/Xcode/DerivedData/HealthTracker-dtsqbapzqzqblleocyxliksziqlc/Build/Intermediates.noindex/HealthTracker.build/Debug-iphonesimulator/HealthTracker.build/HealthTracker-all-non-framework-target-headers.hmap -Xcc -ivfsoverlay -Xcc /Users/alanglass/Library/Developer/Xcode/DerivedData/HealthTracker-dtsqbapzqzqblleocyxliksziqlc/Build/Intermediates.noindex/HealthTracker.build/Debug-iphonesimulator/HealthTracker-c1403f0ceeacee94195e9b8910a535c9-VFS-iphonesimulator/all-product-headers.yaml -Xcc -iquote -Xcc /Users/alanglass/Library/Developer/Xcode/DerivedData/HealthTracker-dtsqbapzqzqblleocyxliksziqlc/Build/Intermediates.noindex/HealthTracker.build/Debug-iphonesimulator/HealthTracker.build/HealthTracker-project-headers.hmap -Xcc -I/Users/alanglass/Library/Developer/Xcode/DerivedData/HealthTracker-dtsqbapzqzqblleocyxliksziqlc/Build/Products/Debug-iphonesimulator/include -Xcc -I/Users/alanglass/Library/Developer/Xcode/DerivedData/HealthTracker-dtsqbapzqzqblleocyxliksziqlc/Build/Intermediates.noindex/HealthTracker.build/Debug-iphonesimulator/HealthTracker.build/DerivedSources-normal/x86_64 -Xcc -I/Users/alanglass/Library/Developer/Xcode/DerivedData/HealthTracker-dtsqbapzqzqblleocyxliksziqlc/Build/Intermediates.noindex/HealthTracker.build/Debug-iphonesimulator/HealthTracker.build/DerivedSources/x86_64 -Xcc -I/Users/alanglass/Library/Developer/Xcode/DerivedData/HealthTracker-dtsqbapzqzqblleocyxliksziqlc/Build/Intermediates.noindex/HealthTracker.build/Debug-iphonesimulator/HealthTracker.build/DerivedSources -Xcc -DDEBUG\=1 -emit-objc-header -emit-objc-header-path /Users/alanglass/Library/Developer/Xcode/DerivedData/HealthTracker-dtsqbapzqzqblleocyxliksziqlc/Build/Intermediates.noindex/HealthTracker.build/Debug-iphonesimulator/HealthTracker.build/Objects-normal/x86_64/HealthTracker-Swift.h -working-directory /Users/alanglass/_dev_local/HealthTracker -experimental-emit-module-separately -disable-cmo
/Users/alanglass/_dev_local/HealthTracker/HealthTracker/MorningBriefingView.swift:83:9: error: Expected declaration
        .padding()
        ^ (in target 'HealthTracker' from project 'HealthTracker')
/Users/alanglass/_dev_local/HealthTracker/HealthTracker/MorningBriefingView.swift:10:8: note: In declaration of 'MorningBriefingView'
struct MorningBriefingView: View {
       ^ (in target 'HealthTracker' from project 'HealthTracker')
/Users/alanglass/_dev_local/HealthTracker/HealthTracker/MorningBriefingView.swift:88:1: error: Extraneous '}' at top level
}
^ (in target 'HealthTracker' from project 'HealthTracker')

CompileAssetCatalogVariant thinned /Users/alanglass/Library/Developer/Xcode/DerivedData/HealthTracker-dtsqbapzqzqblleocyxliksziqlc/Build/Products/Debug-iphonesimulator/HealthTracker.app /Users/alanglass/_dev_local/HealthTracker/HealthTracker/Assets.xcassets (in target 'HealthTracker' from project 'HealthTracker')
    cd /Users/alanglass/_dev_local/HealthTracker
    /Applications/Xcode.app/Contents/Developer/usr/bin/actool /Users/alanglass/_dev_local/HealthTracker/HealthTracker/Assets.xcassets --compile /Users/alanglass/Library/Developer/Xcode/DerivedData/HealthTracker-dtsqbapzqzqblleocyxliksziqlc/Build/Intermediates.noindex/HealthTracker.build/Debug-iphonesimulator/HealthTracker.build/assetcatalog_output/thinned --output-format human-readable-text --notices --warnings --export-dependency-info /Users/alanglass/Library/Developer/Xcode/DerivedData/HealthTracker-dtsqbapzqzqblleocyxliksziqlc/Build/Intermediates.noindex/HealthTracker.build/Debug-iphonesimulator/HealthTracker.build/assetcatalog_dependencies_thinned --output-partial-info-plist /Users/alanglass/Library/Developer/Xcode/DerivedData/HealthTracker-dtsqbapzqzqblleocyxliksziqlc/Build/Intermediates.noindex/HealthTracker.build/Debug-iphonesimulator/HealthTracker.build/assetcatalog_generated_info.plist_thinned --app-icon AppIcon --accent-color AccentColor --compress-pngs --enable-on-demand-resources YES --development-region en --target-device iphone --target-device ipad --minimum-deployment-target 26.2 --platform iphonesimulator

SwiftDriver HealthTracker normal arm64 com.apple.xcode.tools.swift.compiler (in target 'HealthTracker' from project 'HealthTracker')
    cd /Users/alanglass/_dev_local/HealthTracker
    builtin-SwiftDriver -- /Applications/Xcode.app/Contents/Developer/Toolchains/XcodeDefault.xctoolchain/usr/bin/swiftc -module-name HealthTracker -Onone -enforce-exclusivity\=checked @/Users/alanglass/Library/Developer/Xcode/DerivedData/HealthTracker-dtsqbapzqzqblleocyxliksziqlc/Build/Intermediates.noindex/HealthTracker.build/Debug-iphonesimulator/HealthTracker.build/Objects-normal/arm64/HealthTracker.SwiftFileList -DDEBUG -default-isolation\=MainActor -enable-bare-slash-regex -enable-upcoming-feature DisableOutwardActorInference -enable-upcoming-feature InferSendableFromCaptures -enable-upcoming-feature GlobalActorIsolatedTypesUsability -enable-upcoming-feature MemberImportVisibility -enable-upcoming-feature InferIsolatedConformances -enable-upcoming-feature NonisolatedNonsendingByDefault -enable-experimental-feature DebugDescriptionMacro -sdk /Applications/Xcode.app/Contents/Developer/Platforms/iPhoneSimulator.platform/Developer/SDKs/iPhoneSimulator26.2.sdk -target arm64-apple-ios26.2-simulator -g -module-cache-path /Users/alanglass/Library/Developer/Xcode/DerivedData/ModuleCache.noindex -Xfrontend -serialize-debugging-options -enable-testing -index-store-path /Users/alanglass/Library/Developer/Xcode/DerivedData/HealthTracker-dtsqbapzqzqblleocyxliksziqlc/Index.noindex/DataStore -Xcc -D_LIBCPP_HARDENING_MODE\=_LIBCPP_HARDENING_MODE_DEBUG -swift-version 5 -I /Users/alanglass/Library/Developer/Xcode/DerivedData/HealthTracker-dtsqbapzqzqblleocyxliksziqlc/Build/Products/Debug-iphonesimulator -F /Users/alanglass/Library/Developer/Xcode/DerivedData/HealthTracker-dtsqbapzqzqblleocyxliksziqlc/Build/Products/Debug-iphonesimulator/PackageFrameworks -F /Users/alanglass/Library/Developer/Xcode/DerivedData/HealthTracker-dtsqbapzqzqblleocyxliksziqlc/Build/Products/Debug-iphonesimulator/PackageFrameworks -F /Users/alanglass/Library/Developer/Xcode/DerivedData/HealthTracker-dtsqbapzqzqblleocyxliksziqlc/Build/Products/Debug-iphonesimulator/PackageFrameworks -F /Users/alanglass/Library/Developer/Xcode/DerivedData/HealthTracker-dtsqbapzqzqblleocyxliksziqlc/Build/Products/Debug-iphonesimulator/PackageFrameworks -F /Users/alanglass/Library/Developer/Xcode/DerivedData/HealthTracker-dtsqbapzqzqblleocyxliksziqlc/Build/Products/Debug-iphonesimulator/PackageFrameworks -F /Users/alanglass/Library/Developer/Xcode/DerivedData/HealthTracker-dtsqbapzqzqblleocyxliksziqlc/Build/Products/Debug-iphonesimulator/PackageFrameworks -F /Users/alanglass/Library/Developer/Xcode/DerivedData/HealthTracker-dtsqbapzqzqblleocyxliksziqlc/Build/Products/Debug-iphonesimulator/PackageFrameworks -F /Users/alanglass/Library/Developer/Xcode/DerivedData/HealthTracker-dtsqbapzqzqblleocyxliksziqlc/Build/Products/Debug-iphonesimulator/PackageFrameworks -F /Users/alanglass/Library/Developer/Xcode/DerivedData/HealthTracker-dtsqbapzqzqblleocyxliksziqlc/Build/Products/Debug-iphonesimulator/PackageFrameworks -F /Users/alanglass/Library/Developer/Xcode/DerivedData/HealthTracker-dtsqbapzqzqblleocyxliksziqlc/Build/Products/Debug-iphonesimulator/PackageFrameworks -F /Users/alanglass/Library/Developer/Xcode/DerivedData/HealthTracker-dtsqbapzqzqblleocyxliksziqlc/Build/Products/Debug-iphonesimulator/PackageFrameworks -F /Users/alanglass/Library/Developer/Xcode/DerivedData/HealthTracker-dtsqbapzqzqblleocyxliksziqlc/Build/Products/Debug-iphonesimulator/PackageFrameworks -F /Users/alanglass/Library/Developer/Xcode/DerivedData/HealthTracker-dtsqbapzqzqblleocyxliksziqlc/Build/Products/Debug-iphonesimulator/PackageFrameworks -F /Users/alanglass/Library/Developer/Xcode/DerivedData/HealthTracker-dtsqbapzqzqblleocyxliksziqlc/Build/Products/Debug-iphonesimulator/PackageFrameworks -F /Users/alanglass/Library/Developer/Xcode/DerivedData/HealthTracker-dtsqbapzqzqblleocyxliksziqlc/Build/Products/Debug-iphonesimulator -emit-localized-strings -emit-localized-strings-path /Users/alanglass/Library/Developer/Xcode/DerivedData/HealthTracker-dtsqbapzqzqblleocyxliksziqlc/Build/Intermediates.noindex/HealthTracker.build/Debug-iphonesimulator/HealthTracker.build/Objects-normal/arm64 -c -j16 -enable-batch-mode -incremental -Xcc -ivfsstatcache -Xcc /Users/alanglass/Library/Developer/Xcode/DerivedData/SDKStatCaches.noindex/iphonesimulator26.2-23C53-7d00a8b37fbd7999ea79df8ebc024bf0.sdkstatcache -output-file-map /Users/alanglass/Library/Developer/Xcode/DerivedData/HealthTracker-dtsqbapzqzqblleocyxliksziqlc/Build/Intermediates.noindex/HealthTracker.build/Debug-iphonesimulator/HealthTracker.build/Objects-normal/arm64/HealthTracker-OutputFileMap.json -use-frontend-parseable-output -save-temps -no-color-diagnostics -explicit-module-build -module-cache-path /Users/alanglass/Library/Developer/Xcode/DerivedData/HealthTracker-dtsqbapzqzqblleocyxliksziqlc/Build/Intermediates.noindex/SwiftExplicitPrecompiledModules -clang-scanner-module-cache-path /Users/alanglass/Library/Developer/Xcode/DerivedData/ModuleCache.noindex -sdk-module-cache-path /Users/alanglass/Library/Developer/Xcode/DerivedData/ModuleCache.noindex -serialize-diagnostics -emit-dependencies -emit-module -emit-module-path /Users/alanglass/Library/Developer/Xcode/DerivedData/HealthTracker-dtsqbapzqzqblleocyxliksziqlc/Build/Intermediates.noindex/HealthTracker.build/Debug-iphonesimulator/HealthTracker.build/Objects-normal/arm64/HealthTracker.swiftmodule -validate-clang-modules-once -clang-build-session-file /Users/alanglass/Library/Developer/Xcode/DerivedData/ModuleCache.noindex/Session.modulevalidation -Xcc -I/Users/alanglass/Library/Developer/Xcode/DerivedData/HealthTracker-dtsqbapzqzqblleocyxliksziqlc/Build/Intermediates.noindex/HealthTracker.build/Debug-iphonesimulator/HealthTracker.build/swift-overrides.hmap -emit-const-values -Xfrontend -const-gather-protocols-file -Xfrontend /Users/alanglass/Library/Developer/Xcode/DerivedData/HealthTracker-dtsqbapzqzqblleocyxliksziqlc/Build/Intermediates.noindex/HealthTracker.build/Debug-iphonesimulator/HealthTracker.build/Objects-normal/arm64/HealthTracker_const_extract_protocols.json -Xcc -iquote -Xcc /Users/alanglass/Library/Developer/Xcode/DerivedData/HealthTracker-dtsqbapzqzqblleocyxliksziqlc/Build/Intermediates.noindex/HealthTracker.build/Debug-iphonesimulator/HealthTracker.build/HealthTracker-generated-files.hmap -Xcc -I/Users/alanglass/Library/Developer/Xcode/DerivedData/HealthTracker-dtsqbapzqzqblleocyxliksziqlc/Build/Intermediates.noindex/HealthTracker.build/Debug-iphonesimulator/HealthTracker.build/HealthTracker-own-target-headers.hmap -Xcc -I/Users/alanglass/Library/Developer/Xcode/DerivedData/HealthTracker-dtsqbapzqzqblleocyxliksziqlc/Build/Intermediates.noindex/HealthTracker.build/Debug-iphonesimulator/HealthTracker.build/HealthTracker-all-non-framework-target-headers.hmap -Xcc -ivfsoverlay -Xcc /Users/alanglass/Library/Developer/Xcode/DerivedData/HealthTracker-dtsqbapzqzqblleocyxliksziqlc/Build/Intermediates.noindex/HealthTracker.build/Debug-iphonesimulator/HealthTracker-c1403f0ceeacee94195e9b8910a535c9-VFS-iphonesimulator/all-product-headers.yaml -Xcc -iquote -Xcc /Users/alanglass/Library/Developer/Xcode/DerivedData/HealthTracker-dtsqbapzqzqblleocyxliksziqlc/Build/Intermediates.noindex/HealthTracker.build/Debug-iphonesimulator/HealthTracker.build/HealthTracker-project-headers.hmap -Xcc -I/Users/alanglass/Library/Developer/Xcode/DerivedData/HealthTracker-dtsqbapzqzqblleocyxliksziqlc/Build/Products/Debug-iphonesimulator/include -Xcc -I/Users/alanglass/Library/Developer/Xcode/DerivedData/HealthTracker-dtsqbapzqzqblleocyxliksziqlc/Build/Intermediates.noindex/HealthTracker.build/Debug-iphonesimulator/HealthTracker.build/DerivedSources-normal/arm64 -Xcc -I/Users/alanglass/Library/Developer/Xcode/DerivedData/HealthTracker-dtsqbapzqzqblleocyxliksziqlc/Build/Intermediates.noindex/HealthTracker.build/Debug-iphonesimulator/HealthTracker.build/DerivedSources/arm64 -Xcc -I/Users/alanglass/Library/Developer/Xcode/DerivedData/HealthTracker-dtsqbapzqzqblleocyxliksziqlc/Build/Intermediates.noindex/HealthTracker.build/Debug-iphonesimulator/HealthTracker.build/DerivedSources -Xcc -DDEBUG\=1 -emit-objc-header -emit-objc-header-path /Users/alanglass/Library/Developer/Xcode/DerivedData/HealthTracker-dtsqbapzqzqblleocyxliksziqlc/Build/Intermediates.noindex/HealthTracker.build/Debug-iphonesimulator/HealthTracker.build/Objects-normal/arm64/HealthTracker-Swift.h -working-directory /Users/alanglass/_dev_local/HealthTracker -experimental-emit-module-separately -disable-cmo
/Users/alanglass/_dev_local/HealthTracker/HealthTracker/MorningBriefingView.swift:83:9: error: Expected declaration
        .padding()
        ^ (in target 'HealthTracker' from project 'HealthTracker')
/Users/alanglass/_dev_local/HealthTracker/HealthTracker/MorningBriefingView.swift:10:8: note: In declaration of 'MorningBriefingView'
struct MorningBriefingView: View {
       ^ (in target 'HealthTracker' from project 'HealthTracker')
/Users/alanglass/_dev_local/HealthTracker/HealthTracker/MorningBriefingView.swift:88:1: error: Extraneous '}' at top level
}
^ (in target 'HealthTracker' from project 'HealthTracker')

** BUILD FAILED **


The following build commands failed:
	SwiftDriver HealthTracker normal x86_64 com.apple.xcode.tools.swift.compiler (in target 'HealthTracker' from project 'HealthTracker')
	SwiftDriver HealthTracker normal arm64 com.apple.xcode.tools.swift.compiler (in target 'HealthTracker' from project 'HealthTracker')
	Building project HealthTracker with scheme HealthTracker
(3 failures)
